This is pdfTeX, Version 3.14159265-2.6-1.40.17 (MiKTeX 2.9.6100 64-bit) (preloaded format=pdflatex 2017.1.7)  11 JUN 2017 17:43
entering extended mode
**./MarisaOliveira.tex
(MarisaOliveira.tex
LaTeX2e <2016/03/31> patch level 3
Babel <3.9r> and hyphenation patterns for 75 language(s) loaded.

("C:\Users\Marisa Oliveira\AppData\Local\Programs\MiKTeX 2.9\tex\latex\base\rep
ort.cls"
Document Class: report 2014/09/29 v1.4h Standard LaTeX document class

("C:\Users\Marisa Oliveira\AppData\Local\Programs\MiKTeX 2.9\tex\latex\base\siz
e11.clo"
File: size11.clo 2014/09/29 v1.4h Standard LaTeX file (size option)
)
\c@part=\count79
\c@chapter=\count80
\c@section=\count81
\c@subsection=\count82
\c@subsubsection=\count83
\c@paragraph=\count84
\c@subparagraph=\count85
\c@figure=\count86
\c@table=\count87
\abovecaptionskip=\skip41
\belowcaptionskip=\skip42
\bibindent=\dimen102
)
("C:\Users\Marisa Oliveira\AppData\Local\Programs\MiKTeX 2.9\tex\latex\base\inp
utenc.sty"
Package: inputenc 2015/03/17 v1.2c Input encoding file
\inpenc@prehook=\toks14
\inpenc@posthook=\toks15

("C:\Users\Marisa Oliveira\AppData\Local\Programs\MiKTeX 2.9\tex\latex\base\utf
8.def"
File: utf8.def 2016/02/28 v1.1s UTF-8 support for inputenc
Now handling font encoding OML ...
... no UTF-8 mapping file for font encoding OML
Now handling font encoding T1 ...
... processing UTF-8 mapping file for font encoding T1

("C:\Users\Marisa Oliveira\AppData\Local\Programs\MiKTeX 2.9\tex\latex\base\t1e
nc.dfu"
File: t1enc.dfu 2016/02/28 v1.1s UTF-8 support for inputenc
   defining Unicode char U+00A0 (decimal 160)
   defining Unicode char U+00A1 (decimal 161)
   defining Unicode char U+00A3 (decimal 163)
   defining Unicode char U+00AB (decimal 171)
   defining Unicode char U+00AD (decimal 173)
   defining Unicode char U+00BB (decimal 187)
   defining Unicode char U+00BF (decimal 191)
   defining Unicode char U+00C0 (decimal 192)
   defining Unicode char U+00C1 (decimal 193)
   defining Unicode char U+00C2 (decimal 194)
   defining Unicode char U+00C3 (decimal 195)
   defining Unicode char U+00C4 (decimal 196)
   defining Unicode char U+00C5 (decimal 197)
   defining Unicode char U+00C6 (decimal 198)
   defining Unicode char U+00C7 (decimal 199)
   defining Unicode char U+00C8 (decimal 200)
   defining Unicode char U+00C9 (decimal 201)
   defining Unicode char U+00CA (decimal 202)
   defining Unicode char U+00CB (decimal 203)
   defining Unicode char U+00CC (decimal 204)
   defining Unicode char U+00CD (decimal 205)
   defining Unicode char U+00CE (decimal 206)
   defining Unicode char U+00CF (decimal 207)
   defining Unicode char U+00D0 (decimal 208)
   defining Unicode char U+00D1 (decimal 209)
   defining Unicode char U+00D2 (decimal 210)
   defining Unicode char U+00D3 (decimal 211)
   defining Unicode char U+00D4 (decimal 212)
   defining Unicode char U+00D5 (decimal 213)
   defining Unicode char U+00D6 (decimal 214)
   defining Unicode char U+00D8 (decimal 216)
   defining Unicode char U+00D9 (decimal 217)
   defining Unicode char U+00DA (decimal 218)
   defining Unicode char U+00DB (decimal 219)
   defining Unicode char U+00DC (decimal 220)
   defining Unicode char U+00DD (decimal 221)
   defining Unicode char U+00DE (decimal 222)
   defining Unicode char U+00DF (decimal 223)
   defining Unicode char U+00E0 (decimal 224)
   defining Unicode char U+00E1 (decimal 225)
   defining Unicode char U+00E2 (decimal 226)
   defining Unicode char U+00E3 (decimal 227)
   defining Unicode char U+00E4 (decimal 228)
   defining Unicode char U+00E5 (decimal 229)
   defining Unicode char U+00E6 (decimal 230)
   defining Unicode char U+00E7 (decimal 231)
   defining Unicode char U+00E8 (decimal 232)
   defining Unicode char U+00E9 (decimal 233)
   defining Unicode char U+00EA (decimal 234)
   defining Unicode char U+00EB (decimal 235)
   defining Unicode char U+00EC (decimal 236)
   defining Unicode char U+00ED (decimal 237)
   defining Unicode char U+00EE (decimal 238)
   defining Unicode char U+00EF (decimal 239)
   defining Unicode char U+00F0 (decimal 240)
   defining Unicode char U+00F1 (decimal 241)
   defining Unicode char U+00F2 (decimal 242)
   defining Unicode char U+00F3 (decimal 243)
   defining Unicode char U+00F4 (decimal 244)
   defining Unicode char U+00F5 (decimal 245)
   defining Unicode char U+00F6 (decimal 246)
   defining Unicode char U+00F8 (decimal 248)
   defining Unicode char U+00F9 (decimal 249)
   defining Unicode char U+00FA (decimal 250)
   defining Unicode char U+00FB (decimal 251)
   defining Unicode char U+00FC (decimal 252)
   defining Unicode char U+00FD (decimal 253)
   defining Unicode char U+00FE (decimal 254)
   defining Unicode char U+00FF (decimal 255)
   defining Unicode char U+0100 (decimal 256)
   defining Unicode char U+0101 (decimal 257)
   defining Unicode char U+0102 (decimal 258)
   defining Unicode char U+0103 (decimal 259)
   defining Unicode char U+0104 (decimal 260)
   defining Unicode char U+0105 (decimal 261)
   defining Unicode char U+0106 (decimal 262)
   defining Unicode char U+0107 (decimal 263)
   defining Unicode char U+0108 (decimal 264)
   defining Unicode char U+0109 (decimal 265)
   defining Unicode char U+010A (decimal 266)
   defining Unicode char U+010B (decimal 267)
   defining Unicode char U+010C (decimal 268)
   defining Unicode char U+010D (decimal 269)
   defining Unicode char U+010E (decimal 270)
   defining Unicode char U+010F (decimal 271)
   defining Unicode char U+0110 (decimal 272)
   defining Unicode char U+0111 (decimal 273)
   defining Unicode char U+0112 (decimal 274)
   defining Unicode char U+0113 (decimal 275)
   defining Unicode char U+0114 (decimal 276)
   defining Unicode char U+0115 (decimal 277)
   defining Unicode char U+0116 (decimal 278)
   defining Unicode char U+0117 (decimal 279)
   defining Unicode char U+0118 (decimal 280)
   defining Unicode char U+0119 (decimal 281)
   defining Unicode char U+011A (decimal 282)
   defining Unicode char U+011B (decimal 283)
   defining Unicode char U+011C (decimal 284)
   defining Unicode char U+011D (decimal 285)
   defining Unicode char U+011E (decimal 286)
   defining Unicode char U+011F (decimal 287)
   defining Unicode char U+0120 (decimal 288)
   defining Unicode char U+0121 (decimal 289)
   defining Unicode char U+0122 (decimal 290)
   defining Unicode char U+0123 (decimal 291)
   defining Unicode char U+0124 (decimal 292)
   defining Unicode char U+0125 (decimal 293)
   defining Unicode char U+0128 (decimal 296)
   defining Unicode char U+0129 (decimal 297)
   defining Unicode char U+012A (decimal 298)
   defining Unicode char U+012B (decimal 299)
   defining Unicode char U+012C (decimal 300)
   defining Unicode char U+012D (decimal 301)
   defining Unicode char U+012E (decimal 302)
   defining Unicode char U+012F (decimal 303)
   defining Unicode char U+0130 (decimal 304)
   defining Unicode char U+0131 (decimal 305)
   defining Unicode char U+0132 (decimal 306)
   defining Unicode char U+0133 (decimal 307)
   defining Unicode char U+0134 (decimal 308)
   defining Unicode char U+0135 (decimal 309)
   defining Unicode char U+0136 (decimal 310)
   defining Unicode char U+0137 (decimal 311)
   defining Unicode char U+0139 (decimal 313)
   defining Unicode char U+013A (decimal 314)
   defining Unicode char U+013B (decimal 315)
   defining Unicode char U+013C (decimal 316)
   defining Unicode char U+013D (decimal 317)
   defining Unicode char U+013E (decimal 318)
   defining Unicode char U+0141 (decimal 321)
   defining Unicode char U+0142 (decimal 322)
   defining Unicode char U+0143 (decimal 323)
   defining Unicode char U+0144 (decimal 324)
   defining Unicode char U+0145 (decimal 325)
   defining Unicode char U+0146 (decimal 326)
   defining Unicode char U+0147 (decimal 327)
   defining Unicode char U+0148 (decimal 328)
   defining Unicode char U+014A (decimal 330)
   defining Unicode char U+014B (decimal 331)
   defining Unicode char U+014C (decimal 332)
   defining Unicode char U+014D (decimal 333)
   defining Unicode char U+014E (decimal 334)
   defining Unicode char U+014F (decimal 335)
   defining Unicode char U+0150 (decimal 336)
   defining Unicode char U+0151 (decimal 337)
   defining Unicode char U+0152 (decimal 338)
   defining Unicode char U+0153 (decimal 339)
   defining Unicode char U+0154 (decimal 340)
   defining Unicode char U+0155 (decimal 341)
   defining Unicode char U+0156 (decimal 342)
   defining Unicode char U+0157 (decimal 343)
   defining Unicode char U+0158 (decimal 344)
   defining Unicode char U+0159 (decimal 345)
   defining Unicode char U+015A (decimal 346)
   defining Unicode char U+015B (decimal 347)
   defining Unicode char U+015C (decimal 348)
   defining Unicode char U+015D (decimal 349)
   defining Unicode char U+015E (decimal 350)
   defining Unicode char U+015F (decimal 351)
   defining Unicode char U+0160 (decimal 352)
   defining Unicode char U+0161 (decimal 353)
   defining Unicode char U+0162 (decimal 354)
   defining Unicode char U+0163 (decimal 355)
   defining Unicode char U+0164 (decimal 356)
   defining Unicode char U+0165 (decimal 357)
   defining Unicode char U+0168 (decimal 360)
   defining Unicode char U+0169 (decimal 361)
   defining Unicode char U+016A (decimal 362)
   defining Unicode char U+016B (decimal 363)
   defining Unicode char U+016C (decimal 364)
   defining Unicode char U+016D (decimal 365)
   defining Unicode char U+016E (decimal 366)
   defining Unicode char U+016F (decimal 367)
   defining Unicode char U+0170 (decimal 368)
   defining Unicode char U+0171 (decimal 369)
   defining Unicode char U+0172 (decimal 370)
   defining Unicode char U+0173 (decimal 371)
   defining Unicode char U+0174 (decimal 372)
   defining Unicode char U+0175 (decimal 373)
   defining Unicode char U+0176 (decimal 374)
   defining Unicode char U+0177 (decimal 375)
   defining Unicode char U+0178 (decimal 376)
   defining Unicode char U+0179 (decimal 377)
   defining Unicode char U+017A (decimal 378)
   defining Unicode char U+017B (decimal 379)
   defining Unicode char U+017C (decimal 380)
   defining Unicode char U+017D (decimal 381)
   defining Unicode char U+017E (decimal 382)
   defining Unicode char U+01CD (decimal 461)
   defining Unicode char U+01CE (decimal 462)
   defining Unicode char U+01CF (decimal 463)
   defining Unicode char U+01D0 (decimal 464)
   defining Unicode char U+01D1 (decimal 465)
   defining Unicode char U+01D2 (decimal 466)
   defining Unicode char U+01D3 (decimal 467)
   defining Unicode char U+01D4 (decimal 468)
   defining Unicode char U+01E2 (decimal 482)
   defining Unicode char U+01E3 (decimal 483)
   defining Unicode char U+01E6 (decimal 486)
   defining Unicode char U+01E7 (decimal 487)
   defining Unicode char U+01E8 (decimal 488)
   defining Unicode char U+01E9 (decimal 489)
   defining Unicode char U+01EA (decimal 490)
   defining Unicode char U+01EB (decimal 491)
   defining Unicode char U+01F0 (decimal 496)
   defining Unicode char U+01F4 (decimal 500)
   defining Unicode char U+01F5 (decimal 501)
   defining Unicode char U+0218 (decimal 536)
   defining Unicode char U+0219 (decimal 537)
   defining Unicode char U+021A (decimal 538)
   defining Unicode char U+021B (decimal 539)
   defining Unicode char U+1E02 (decimal 7682)
   defining Unicode char U+1E03 (decimal 7683)
   defining Unicode char U+200C (decimal 8204)
   defining Unicode char U+2010 (decimal 8208)
   defining Unicode char U+2011 (decimal 8209)
   defining Unicode char U+2012 (decimal 8210)
   defining Unicode char U+2013 (decimal 8211)
   defining Unicode char U+2014 (decimal 8212)
   defining Unicode char U+2015 (decimal 8213)
   defining Unicode char U+2018 (decimal 8216)
   defining Unicode char U+2019 (decimal 8217)
   defining Unicode char U+201A (decimal 8218)
   defining Unicode char U+201C (decimal 8220)
   defining Unicode char U+201D (decimal 8221)
   defining Unicode char U+201E (decimal 8222)
   defining Unicode char U+2030 (decimal 8240)
   defining Unicode char U+2031 (decimal 8241)
   defining Unicode char U+2039 (decimal 8249)
   defining Unicode char U+203A (decimal 8250)
   defining Unicode char U+2423 (decimal 9251)
)
Now handling font encoding OT1 ...
... processing UTF-8 mapping file for font encoding OT1

("C:\Users\Marisa Oliveira\AppData\Local\Programs\MiKTeX 2.9\tex\latex\base\ot1
enc.dfu"
File: ot1enc.dfu 2016/02/28 v1.1s UTF-8 support for inputenc
   defining Unicode char U+00A0 (decimal 160)
   defining Unicode char U+00A1 (decimal 161)
   defining Unicode char U+00A3 (decimal 163)
   defining Unicode char U+00AD (decimal 173)
   defining Unicode char U+00B8 (decimal 184)
   defining Unicode char U+00BF (decimal 191)
   defining Unicode char U+00C5 (decimal 197)
   defining Unicode char U+00C6 (decimal 198)
   defining Unicode char U+00D8 (decimal 216)
   defining Unicode char U+00DF (decimal 223)
   defining Unicode char U+00E6 (decimal 230)
   defining Unicode char U+00EC (decimal 236)
   defining Unicode char U+00ED (decimal 237)
   defining Unicode char U+00EE (decimal 238)
   defining Unicode char U+00EF (decimal 239)
   defining Unicode char U+00F8 (decimal 248)
   defining Unicode char U+0131 (decimal 305)
   defining Unicode char U+0141 (decimal 321)
   defining Unicode char U+0142 (decimal 322)
   defining Unicode char U+0152 (decimal 338)
   defining Unicode char U+0153 (decimal 339)
   defining Unicode char U+0174 (decimal 372)
   defining Unicode char U+0175 (decimal 373)
   defining Unicode char U+0176 (decimal 374)
   defining Unicode char U+0177 (decimal 375)
   defining Unicode char U+0218 (decimal 536)
   defining Unicode char U+0219 (decimal 537)
   defining Unicode char U+021A (decimal 538)
   defining Unicode char U+021B (decimal 539)
   defining Unicode char U+2013 (decimal 8211)
   defining Unicode char U+2014 (decimal 8212)
   defining Unicode char U+2018 (decimal 8216)
   defining Unicode char U+2019 (decimal 8217)
   defining Unicode char U+201C (decimal 8220)
   defining Unicode char U+201D (decimal 8221)
)
Now handling font encoding OMS ...
... processing UTF-8 mapping file for font encoding OMS

("C:\Users\Marisa Oliveira\AppData\Local\Programs\MiKTeX 2.9\tex\latex\base\oms
enc.dfu"
File: omsenc.dfu 2016/02/28 v1.1s UTF-8 support for inputenc
   defining Unicode char U+00A7 (decimal 167)
   defining Unicode char U+00B6 (decimal 182)
   defining Unicode char U+00B7 (decimal 183)
   defining Unicode char U+2020 (decimal 8224)
   defining Unicode char U+2021 (decimal 8225)
   defining Unicode char U+2022 (decimal 8226)
)
Now handling font encoding OMX ...
... no UTF-8 mapping file for font encoding OMX
Now handling font encoding U ...
... no UTF-8 mapping file for font encoding U
   defining Unicode char U+00A9 (decimal 169)
   defining Unicode char U+00AA (decimal 170)
   defining Unicode char U+00AE (decimal 174)
   defining Unicode char U+00BA (decimal 186)
   defining Unicode char U+02C6 (decimal 710)
   defining Unicode char U+02DC (decimal 732)
   defining Unicode char U+200C (decimal 8204)
   defining Unicode char U+2026 (decimal 8230)
   defining Unicode char U+2122 (decimal 8482)
   defining Unicode char U+2423 (decimal 9251)
))
("C:\Users\Marisa Oliveira\AppData\Local\Programs\MiKTeX 2.9\tex\latex\multirow
\multirow.sty"
Package: multirow 2016/10/11 v2.1 Span multiple rows of a table
\multirow@colwidth=\skip43
\multirow@cnta=\count88
\multirow@cntb=\count89
\multirow@dima=\skip44
\bigstrutjot=\dimen103
)
("C:\Users\Marisa Oliveira\AppData\Local\Programs\MiKTeX 2.9\tex\latex\tools\lo
ngtable.sty"
Package: longtable 2014/10/28 v4.11 Multi-page Table package (DPC)
\LTleft=\skip45
\LTright=\skip46
\LTpre=\skip47
\LTpost=\skip48
\LTchunksize=\count90
\LTcapwidth=\dimen104
\LT@head=\box26
\LT@firsthead=\box27
\LT@foot=\box28
\LT@lastfoot=\box29
\LT@cols=\count91
\LT@rows=\count92
\c@LT@tables=\count93
\c@LT@chunks=\count94
\LT@p@ftn=\toks16
)
("C:\Users\Marisa Oliveira\AppData\Local\Programs\MiKTeX 2.9\tex\latex\tabto\ta
bto.sty"
Package: tabto 2013/03/25  v 1.3  Another tabbing mechanism
\CurrentLineWidth=\dimen105
)
("C:\Users\Marisa Oliveira\AppData\Local\Programs\MiKTeX 2.9\tex\latex\booktabs
\booktabs.sty"
Package: booktabs 2005/04/14 v1.61803 publication quality tables
\heavyrulewidth=\dimen106
\lightrulewidth=\dimen107
\cmidrulewidth=\dimen108
\belowrulesep=\dimen109
\belowbottomsep=\dimen110
\aboverulesep=\dimen111
\abovetopsep=\dimen112
\cmidrulesep=\dimen113
\cmidrulekern=\dimen114
\defaultaddspace=\dimen115
\@cmidla=\count95
\@cmidlb=\count96
\@aboverulesep=\dimen116
\@belowrulesep=\dimen117
\@thisruleclass=\count97
\@lastruleclass=\count98
\@thisrulewidth=\dimen118
) (feupteses.sty
Package: feupteses 2014/01/24 1.1.1 

Document Style `FEUP Teses' 1.1.1 <2014/01/24>

("C:\Users\Marisa Oliveira\AppData\Local\Programs\MiKTeX 2.9\tex\generic\oberdi
ek\ifpdf.sty"
Package: ifpdf 2016/05/14 v3.1 Provides the ifpdf switch
)
("C:\Users\Marisa Oliveira\AppData\Local\Programs\MiKTeX 2.9\tex\latex\base\fon
tenc.sty"
Package: fontenc 2016/06/19 v1.99m Standard LaTeX package

("C:\Users\Marisa Oliveira\AppData\Local\Programs\MiKTeX 2.9\tex\latex\base\t1e
nc.def"
File: t1enc.def 2016/06/19 v1.99m Standard LaTeX file
LaTeX Font Info:    Redeclaring font encoding T1 on input line 48.
))
("C:\Users\Marisa Oliveira\AppData\Local\Programs\MiKTeX 2.9\tex\generic\babel\
babel.sty"
Package: babel 2016/04/23 3.9r The Babel package

*************************************
* Local config file bblopts.cfg used
*

("C:\Users\Marisa Oliveira\AppData\Local\Programs\MiKTeX 2.9\tex\latex\arabi\bb
lopts.cfg"
File: bblopts.cfg 2005/09/08 v0.1 add Arabic and Farsi to "declared" options of
 babel
)
("C:\Users\Marisa Oliveira\AppData\Local\Programs\MiKTeX 2.9\tex\latex\babel-po
rtuges\portuges.ldf"
Language: portuges 2008/03/18 v1.2q Portuguese support from the babel system

("C:\Users\Marisa Oliveira\AppData\Local\Programs\MiKTeX 2.9\tex\generic\babel\
babel.def"
File: babel.def 2016/04/23 3.9r Babel common definitions
\babel@savecnt=\count99
\U@D=\dimen119
)
Package babel Info: Making " an active character on input line 145.
))
("C:\Users\Marisa Oliveira\AppData\Local\Programs\MiKTeX 2.9\tex\latex\tools\in
dentfirst.sty"
Package: indentfirst 1995/11/23 v1.03 Indent first paragraph (DPC)
)
("C:\Users\Marisa Oliveira\AppData\Local\Programs\MiKTeX 2.9\tex\latex\geometry
\geometry.sty"
Package: geometry 2010/09/12 v5.6 Page Geometry

("C:\Users\Marisa Oliveira\AppData\Local\Programs\MiKTeX 2.9\tex\latex\graphics
\keyval.sty"
Package: keyval 2014/10/28 v1.15 key=value parser (DPC)
\KV@toks@=\toks17
)
("C:\Users\Marisa Oliveira\AppData\Local\Programs\MiKTeX 2.9\tex\generic\oberdi
ek\ifvtex.sty"
Package: ifvtex 2016/05/16 v1.6 Detect VTeX and its facilities (HO)
Package ifvtex Info: VTeX not detected.
)
("C:\Users\Marisa Oliveira\AppData\Local\Programs\MiKTeX 2.9\tex\generic\ifxete
x\ifxetex.sty"
Package: ifxetex 2010/09/12 v0.6 Provides ifxetex conditional
)
\Gm@cnth=\count100
\Gm@cntv=\count101
\c@Gm@tempcnt=\count102
\Gm@bindingoffset=\dimen120
\Gm@wd@mp=\dimen121
\Gm@odd@mp=\dimen122
\Gm@even@mp=\dimen123
\Gm@layoutwidth=\dimen124
\Gm@layoutheight=\dimen125
\Gm@layouthoffset=\dimen126
\Gm@layoutvoffset=\dimen127
\Gm@dimlist=\toks18

("C:\Users\Marisa Oliveira\AppData\Local\Programs\MiKTeX 2.9\tex\latex\geometry
\geometry.cfg"))
("C:\Users\Marisa Oliveira\AppData\Local\Programs\MiKTeX 2.9\tex\latex\psnfss\m
athptmx.sty"
Package: mathptmx 2005/04/12 PSNFSS-v9.2a Times w/ Math, improved (SPQR, WaS) 
LaTeX Font Info:    Redeclaring symbol font `operators' on input line 28.
LaTeX Font Info:    Overwriting symbol font `operators' in version `normal'
(Font)                  OT1/cmr/m/n --> OT1/ztmcm/m/n on input line 28.
LaTeX Font Info:    Overwriting symbol font `operators' in version `bold'
(Font)                  OT1/cmr/bx/n --> OT1/ztmcm/m/n on input line 28.
LaTeX Font Info:    Redeclaring symbol font `letters' on input line 29.
LaTeX Font Info:    Overwriting symbol font `letters' in version `normal'
(Font)                  OML/cmm/m/it --> OML/ztmcm/m/it on input line 29.
LaTeX Font Info:    Overwriting symbol font `letters' in version `bold'
(Font)                  OML/cmm/b/it --> OML/ztmcm/m/it on input line 29.
LaTeX Font Info:    Redeclaring symbol font `symbols' on input line 30.
LaTeX Font Info:    Overwriting symbol font `symbols' in version `normal'
(Font)                  OMS/cmsy/m/n --> OMS/ztmcm/m/n on input line 30.
LaTeX Font Info:    Overwriting symbol font `symbols' in version `bold'
(Font)                  OMS/cmsy/b/n --> OMS/ztmcm/m/n on input line 30.
LaTeX Font Info:    Redeclaring symbol font `largesymbols' on input line 31.
LaTeX Font Info:    Overwriting symbol font `largesymbols' in version `normal'
(Font)                  OMX/cmex/m/n --> OMX/ztmcm/m/n on input line 31.
LaTeX Font Info:    Overwriting symbol font `largesymbols' in version `bold'
(Font)                  OMX/cmex/m/n --> OMX/ztmcm/m/n on input line 31.
\symbold=\mathgroup4
\symitalic=\mathgroup5
LaTeX Font Info:    Redeclaring math alphabet \mathbf on input line 34.
LaTeX Font Info:    Overwriting math alphabet `\mathbf' in version `normal'
(Font)                  OT1/cmr/bx/n --> OT1/ptm/bx/n on input line 34.
LaTeX Font Info:    Overwriting math alphabet `\mathbf' in version `bold'
(Font)                  OT1/cmr/bx/n --> OT1/ptm/bx/n on input line 34.
LaTeX Font Info:    Redeclaring math alphabet \mathit on input line 35.
LaTeX Font Info:    Overwriting math alphabet `\mathit' in version `normal'
(Font)                  OT1/cmr/m/it --> OT1/ptm/m/it on input line 35.
LaTeX Font Info:    Overwriting math alphabet `\mathit' in version `bold'
(Font)                  OT1/cmr/bx/it --> OT1/ptm/m/it on input line 35.
LaTeX Info: Redefining \hbar on input line 50.
)
("C:\Users\Marisa Oliveira\AppData\Local\Programs\MiKTeX 2.9\tex\latex\courier-
scaled\couriers.sty"
Package: couriers 2004/07/10 Scaled Courier (HS) 
)
("C:\Users\Marisa Oliveira\AppData\Local\Programs\MiKTeX 2.9\tex\latex\psnfss\h
elvet.sty"
Package: helvet 2005/04/12 PSNFSS-v9.2a (WaS) 
)
("C:\Users\Marisa Oliveira\AppData\Local\Programs\MiKTeX 2.9\tex\latex\graphics
\graphicx.sty"
Package: graphicx 2014/10/28 v1.0g Enhanced LaTeX Graphics (DPC,SPQR)

("C:\Users\Marisa Oliveira\AppData\Local\Programs\MiKTeX 2.9\tex\latex\graphics
\graphics.sty"
Package: graphics 2016/07/10 v1.0t Standard LaTeX Graphics (DPC,SPQR)

("C:\Users\Marisa Oliveira\AppData\Local\Programs\MiKTeX 2.9\tex\latex\graphics
\trig.sty"
Package: trig 2016/01/03 v1.10 sin cos tan (DPC)
)
("C:\Users\Marisa Oliveira\AppData\Local\Programs\MiKTeX 2.9\tex\latex\graphics
-cfg\graphics.cfg"
File: graphics.cfg 2016/06/04 v1.11 sample graphics configuration
)
Package graphics Info: Driver file: pdftex.def on input line 99.

("C:\Users\Marisa Oliveira\AppData\Local\Programs\MiKTeX 2.9\tex\latex\graphics
-def\pdftex.def"
File: pdftex.def 2016/07/10 v0.06j Graphics/color for pdfTeX

("C:\Users\Marisa Oliveira\AppData\Local\Programs\MiKTeX 2.9\tex\generic\oberdi
ek\infwarerr.sty"
Package: infwarerr 2016/05/16 v1.4 Providing info/warning/error messages (HO)
)
("C:\Users\Marisa Oliveira\AppData\Local\Programs\MiKTeX 2.9\tex\generic\oberdi
ek\ltxcmds.sty"
Package: ltxcmds 2016/05/16 v1.23 LaTeX kernel commands for general use (HO)
)
\Gread@gobject=\count103
))
\Gin@req@height=\dimen128
\Gin@req@width=\dimen129
)
("C:\Users\Marisa Oliveira\AppData\Local\Programs\MiKTeX 2.9\tex\latex\url\url.
sty"
\Urlmuskip=\muskip10
Package: url 2013/09/16  ver 3.4  Verb mode for urls, etc.
)
("C:\Users\Marisa Oliveira\AppData\Local\Programs\MiKTeX 2.9\tex\latex\setspace
\setspace.sty"
Package: setspace 2011/12/19 v6.7a set line spacing
)
("C:\Users\Marisa Oliveira\AppData\Local\Programs\MiKTeX 2.9\tex\latex\base\mak
eidx.sty"
Package: makeidx 2014/09/29 v1.0m Standard LaTeX package
)
("C:\Users\Marisa Oliveira\AppData\Local\Programs\MiKTeX 2.9\tex\latex\caption\
caption.sty"
Package: caption 2016/02/21 v3.3-144 Customizing captions (AR)

("C:\Users\Marisa Oliveira\AppData\Local\Programs\MiKTeX 2.9\tex\latex\caption\
caption3.sty"
Package: caption3 2016/05/22 v1.7-166 caption3 kernel (AR)
Package caption3 Info: TeX engine: e-TeX on input line 67.
\captionmargin=\dimen130
\captionmargin@=\dimen131
\captionwidth=\dimen132
\caption@tempdima=\dimen133
\caption@indent=\dimen134
\caption@parindent=\dimen135
\caption@hangindent=\dimen136
)
\c@ContinuedFloat=\count104
Package caption Info: longtable package is loaded.

("C:\Users\Marisa Oliveira\AppData\Local\Programs\MiKTeX 2.9\tex\latex\caption\
ltcaption.sty"
Package: ltcaption 2013/06/09 v1.4-94 longtable captions (AR)
))
("C:\Users\Marisa Oliveira\AppData\Local\Programs\MiKTeX 2.9\tex\latex\lineno\l
ineno.sty"
Package: lineno 2005/11/02 line numbers on paragraphs v4.41
\linenopenalty=\count105
\output=\toks19
\linenoprevgraf=\count106
\linenumbersep=\dimen137
\linenumberwidth=\dimen138
\c@linenumber=\count107
\c@pagewiselinenumber=\count108
\c@LN@truepage=\count109
\c@internallinenumber=\count110
\c@internallinenumbers=\count111
\quotelinenumbersep=\dimen139
\bframerule=\dimen140
\bframesep=\dimen141
\bframebox=\box30
LaTeX Info: Redefining \\ on input line 3056.
)
\@vivatext=\box31
\@supervisorstext=\box32

("C:\Users\Marisa Oliveira\AppData\Local\Programs\MiKTeX 2.9\tex\latex\fancyhdr
\fancyhdr.sty"
Package: fancyhdr 2016/09/06 3.8 Extensive control of page headers and footers
\fancy@headwidth=\skip49
\f@ncyO@elh=\skip50
\f@ncyO@erh=\skip51
\f@ncyO@olh=\skip52
\f@ncyO@orh=\skip53
\f@ncyO@elf=\skip54
\f@ncyO@erf=\skip55
\f@ncyO@olf=\skip56
\f@ncyO@orf=\skip57
)
("C:\Users\Marisa Oliveira\AppData\Local\Programs\MiKTeX 2.9\tex\latex\hyperref
\hyperref.sty"
Package: hyperref 2016/06/24 v6.83q Hypertext links for LaTeX

("C:\Users\Marisa Oliveira\AppData\Local\Programs\MiKTeX 2.9\tex\generic\oberdi
ek\hobsub-hyperref.sty"
Package: hobsub-hyperref 2016/05/16 v1.14 Bundle oberdiek, subset hyperref (HO)


("C:\Users\Marisa Oliveira\AppData\Local\Programs\MiKTeX 2.9\tex\generic\oberdi
ek\hobsub-generic.sty"
Package: hobsub-generic 2016/05/16 v1.14 Bundle oberdiek, subset generic (HO)
Package: hobsub 2016/05/16 v1.14 Construct package bundles (HO)
Package hobsub Info: Skipping package `infwarerr' (already loaded).
Package hobsub Info: Skipping package `ltxcmds' (already loaded).
Package: ifluatex 2016/05/16 v1.4 Provides the ifluatex switch (HO)
Package ifluatex Info: LuaTeX not detected.
Package hobsub Info: Skipping package `ifvtex' (already loaded).
Package: intcalc 2016/05/16 v1.2 Expandable calculations with integers (HO)
Package hobsub Info: Skipping package `ifpdf' (already loaded).
Package: etexcmds 2016/05/16 v1.6 Avoid name clashes with e-TeX commands (HO)
Package etexcmds Info: Could not find \expanded.
(etexcmds)             That can mean that you are not using pdfTeX 1.50 or
(etexcmds)             that some package has redefined \expanded.
(etexcmds)             In the latter case, load this package earlier.
Package: kvsetkeys 2016/05/16 v1.17 Key value parser (HO)
Package: kvdefinekeys 2016/05/16 v1.4 Define keys (HO)
Package: pdftexcmds 2016/05/21 v0.22 Utility functions of pdfTeX for LuaTeX (HO
)
Package pdftexcmds Info: LuaTeX not detected.
Package pdftexcmds Info: \pdf@primitive is available.
Package pdftexcmds Info: \pdf@ifprimitive is available.
Package pdftexcmds Info: \pdfdraftmode found.
Package: pdfescape 2016/05/16 v1.14 Implements pdfTeX's escape features (HO)
Package: bigintcalc 2016/05/16 v1.4 Expandable calculations on big integers (HO
)
Package: bitset 2016/05/16 v1.2 Handle bit-vector datatype (HO)
Package: uniquecounter 2016/05/16 v1.3 Provide unlimited unique counter (HO)
)
Package hobsub Info: Skipping package `hobsub' (already loaded).
Package: letltxmacro 2016/05/16 v1.5 Let assignment for LaTeX macros (HO)
Package: hopatch 2016/05/16 v1.3 Wrapper for package hooks (HO)
Package: xcolor-patch 2016/05/16 xcolor patch
Package: atveryend 2016/05/16 v1.9 Hooks at the very end of document (HO)
Package atveryend Info: \enddocument detected (standard20110627).
Package: atbegshi 2016/06/09 v1.18 At begin shipout hook (HO)
Package: refcount 2016/05/16 v3.5 Data extraction from label references (HO)
Package: hycolor 2016/05/16 v1.8 Color options for hyperref/bookmark (HO)
)
("C:\Users\Marisa Oliveira\AppData\Local\Programs\MiKTeX 2.9\tex\latex\oberdiek
\auxhook.sty"
Package: auxhook 2016/05/16 v1.4 Hooks for auxiliary files (HO)
)
("C:\Users\Marisa Oliveira\AppData\Local\Programs\MiKTeX 2.9\tex\latex\oberdiek
\kvoptions.sty"
Package: kvoptions 2016/05/16 v3.12 Key value format for package options (HO)
)
\@linkdim=\dimen142
\Hy@linkcounter=\count112
\Hy@pagecounter=\count113

("C:\Users\Marisa Oliveira\AppData\Local\Programs\MiKTeX 2.9\tex\latex\hyperref
\pd1enc.def"
File: pd1enc.def 2016/06/24 v6.83q Hyperref: PDFDocEncoding definition (HO)
Now handling font encoding PD1 ...
... no UTF-8 mapping file for font encoding PD1
)
\Hy@SavedSpaceFactor=\count114

("C:\Users\Marisa Oliveira\AppData\Local\Programs\MiKTeX 2.9\tex\latex\00miktex
\hyperref.cfg"
File: hyperref.cfg 2002/06/06 v1.2 hyperref configuration of TeXLive
)
Package hyperref Info: Option `pdfpagelabels' set `true' on input line 4362.
Package hyperref Info: Option `bookmarks' set `true' on input line 4362.
Package hyperref Info: Option `hyperindex' set `true' on input line 4362.
Package hyperref Info: Option `hyperfigures' set `true' on input line 4362.
Package hyperref Info: Hyper figures ON on input line 4484.
Package hyperref Info: Link nesting OFF on input line 4491.
Package hyperref Info: Hyper index ON on input line 4494.
Package hyperref Info: Plain pages OFF on input line 4501.
Package hyperref Info: Backreferencing OFF on input line 4506.
Package hyperref Info: Implicit mode ON; LaTeX internals redefined.
Package hyperref Info: Bookmarks ON on input line 4735.
\c@Hy@tempcnt=\count115
LaTeX Info: Redefining \url on input line 5088.
\XeTeXLinkMargin=\dimen143
\Fld@menulength=\count116
\Field@Width=\dimen144
\Fld@charsize=\dimen145
Package hyperref Info: Hyper figures ON on input line 6340.
Package hyperref Info: Link nesting OFF on input line 6347.
Package hyperref Info: Hyper index ON on input line 6350.
Package hyperref Info: backreferencing OFF on input line 6357.
Package hyperref Info: Link coloring OFF on input line 6362.
Package hyperref Info: Link coloring with OCG OFF on input line 6367.
Package hyperref Info: PDF/A mode OFF on input line 6372.
LaTeX Info: Redefining \ref on input line 6412.
LaTeX Info: Redefining \pageref on input line 6416.
\Hy@abspage=\count117
\c@Item=\count118
\c@Hfootnote=\count119
)

Package hyperref Message: Driver: hpdftex.


("C:\Users\Marisa Oliveira\AppData\Local\Programs\MiKTeX 2.9\tex\latex\hyperref
\hpdftex.def"
File: hpdftex.def 2016/06/24 v6.83q Hyperref driver for pdfTeX
\Fld@listcount=\count120
\c@bookmark@seq@number=\count121

("C:\Users\Marisa Oliveira\AppData\Local\Programs\MiKTeX 2.9\tex\latex\oberdiek
\rerunfilecheck.sty"
Package: rerunfilecheck 2016/05/16 v1.8 Rerun checks for auxiliary files (HO)
Package uniquecounter Info: New unique counter `rerunfilecheck' on input line 2
82.
)
\Hy@SectionHShift=\skip58
)
Package hyperref Info: Option `plainpages' set `false' on input line 497.
Package hyperref Info: Option `bookmarksopen' set `false' on input line 497.
Package hyperref Info: Option `bookmarksnumbered' set `true' on input line 497.

Package hyperref Info: Option `breaklinks' set `true' on input line 497.
Package hyperref Info: Option `linktocpage' set `true' on input line 497.
Package hyperref Info: Option `colorlinks' set `true' on input line 497.
)
("C:\Users\Marisa Oliveira\AppData\Local\Programs\MiKTeX 2.9\tex\latex\oberdiek
\epstopdf.sty"
Package: epstopdf 2016/05/15 v2.6 Conversion with epstopdf on the fly (HO)

("C:\Users\Marisa Oliveira\AppData\Local\Programs\MiKTeX 2.9\tex\latex\oberdiek
\epstopdf-base.sty"
Package: epstopdf-base 2016/05/15 v2.6 Base part for package epstopdf

("C:\Users\Marisa Oliveira\AppData\Local\Programs\MiKTeX 2.9\tex\latex\oberdiek
\grfext.sty"
Package: grfext 2016/05/16 v1.2 Manage graphics extensions (HO)
)
Package epstopdf-base Info: Redefining graphics rule for `.eps' on input line 4
38.
Package grfext Info: Graphics extension search list:
(grfext)             [.png,.pdf,.jpg,.mps,.jpeg,.jbig2,.jb2,.PNG,.PDF,.JPG,.JPE
G,.JBIG2,.JB2,.eps]
(grfext)             \AppendGraphicsExtensions on input line 456.
))
\@input{mymacros.aux}
\openout2 = `mymacros.aux'.

(mymacros.tex) (MarisaOliveira.aux (abstract.aux) (acknows.aux) (quote.aux)
(abbrevs.aux) (chapter1.aux) (chapter2.aux) (chapter3.aux) (chapter4.aux)
(chapter5.aux) (appendix1.aux) (appendix3.aux) (appendix2.aux))
\openout1 = `MarisaOliveira.aux'.

LaTeX Font Info:    Checking defaults for OML/cmm/m/it on input line 59.
LaTeX Font Info:    ... okay on input line 59.
LaTeX Font Info:    Checking defaults for T1/cmr/m/n on input line 59.
LaTeX Font Info:    ... okay on input line 59.
LaTeX Font Info:    Checking defaults for OT1/cmr/m/n on input line 59.
LaTeX Font Info:    ... okay on input line 59.
LaTeX Font Info:    Checking defaults for OMS/cmsy/m/n on input line 59.
LaTeX Font Info:    ... okay on input line 59.
LaTeX Font Info:    Checking defaults for OMX/cmex/m/n on input line 59.
LaTeX Font Info:    ... okay on input line 59.
LaTeX Font Info:    Checking defaults for U/cmr/m/n on input line 59.
LaTeX Font Info:    ... okay on input line 59.
LaTeX Font Info:    Checking defaults for PD1/pdf/m/n on input line 59.
LaTeX Font Info:    ... okay on input line 59.
LaTeX Font Info:    Try loading font information for T1+ptm on input line 59.

("C:\Users\Marisa Oliveira\AppData\Local\Programs\MiKTeX 2.9\tex\latex\psnfss\t
1ptm.fd"
File: t1ptm.fd 2001/06/04 font definitions for T1/ptm.
)
*geometry* driver: auto-detecting
*geometry* detected driver: pdftex
*geometry* verbose mode - [ preamble ] result:
* driver: pdftex
* paper: a4paper
* layout: <same size as paper>
* layoutoffset:(h,v)=(0.0pt,0.0pt)
* modes: includehead includefoot twoside 
* h-part:(L,W,R)=(99.58464pt, 426.79135pt, 71.13188pt)
* v-part:(T,H,B)=(56.9055pt, 731.23584pt, 56.9055pt)
* \paperwidth=597.50787pt
* \paperheight=845.04684pt
* \textwidth=426.79135pt
* \textheight=661.23584pt
* \oddsidemargin=27.31465pt
* \evensidemargin=-1.1381pt
* \topmargin=-15.36449pt
* \headheight=15.5pt
* \headsep=25.0pt
* \topskip=11.0pt
* \footskip=30.0pt
* \marginparwidth=103.0pt
* \marginparsep=10.0pt
* \columnsep=10.0pt
* \skip\footins=10.0pt plus 4.0pt minus 2.0pt
* \hoffset=0.0pt
* \voffset=0.0pt
* \mag=1000
* \@twocolumnfalse
* \@twosidetrue
* \@mparswitchtrue
* \@reversemarginfalse
* (1in=72.27pt=25.4mm, 1cm=28.453pt)

\big@size=\dimen146

("C:\Users\Marisa Oliveira\AppData\Local\Programs\MiKTeX 2.9\tex\context\base\s
upp-pdf.mkii"
[Loading MPS to PDF converter (version 2006.09.02).]
\scratchcounter=\count122
\scratchdimen=\dimen147
\scratchbox=\box33
\nofMPsegments=\count123
\nofMParguments=\count124
\everyMPshowfont=\toks20
\MPscratchCnt=\count125
\MPscratchDim=\dimen148
\MPnumerator=\count126
\makeMPintoPDFobject=\count127
\everyMPtoPDFconversion=\toks21
)
Package caption Info: Begin \AtBeginDocument code.
Package caption Info: hyperref package is loaded.
Package caption Info: End \AtBeginDocument code.
\AtBeginShipoutBox=\box34

("C:\Users\Marisa Oliveira\AppData\Local\Programs\MiKTeX 2.9\tex\latex\graphics
\color.sty"
Package: color 2016/07/10 v1.1e Standard LaTeX Color (DPC)

("C:\Users\Marisa Oliveira\AppData\Local\Programs\MiKTeX 2.9\tex\latex\graphics
-cfg\color.cfg"
File: color.cfg 2016/01/02 v1.6 sample color configuration
)
Package color Info: Driver file: pdftex.def on input line 147.
)
Package hyperref Info: Link coloring ON on input line 59.

("C:\Users\Marisa Oliveira\AppData\Local\Programs\MiKTeX 2.9\tex\latex\hyperref
\nameref.sty"
Package: nameref 2016/05/21 v2.44 Cross-referencing by name of section

("C:\Users\Marisa Oliveira\AppData\Local\Programs\MiKTeX 2.9\tex\generic\oberdi
ek\gettitlestring.sty"
Package: gettitlestring 2016/05/16 v1.5 Cleanup title references (HO)
)
\c@section@level=\count128
)
LaTeX Info: Redefining \ref on input line 59.
LaTeX Info: Redefining \pageref on input line 59.
LaTeX Info: Redefining \nameref on input line 59.
 (MarisaOliveira.out) (MarisaOliveira.out)
\@outlinefile=\write3
\openout3 = `MarisaOliveira.out'.

Package babel Info: Redefining portuges shorthand "|
(babel)             in language  on input line 59.
\@crestbox=\box35
LaTeX Font Info:    Font shape `T1/ptm/bx/n' in size <14.4> not available
(Font)              Font shape `T1/ptm/b/n' tried instead on input line 98.
LaTeX Font Info:    Font shape `T1/ptm/bx/sc' in size <14.4> not available
(Font)              Font shape `T1/ptm/b/sc' tried instead on input line 98.

<figures/uporto-feup.pdf, id=199, 338.26375pt x 126.4725pt>
File: figures/uporto-feup.pdf Graphic file (type pdf)

<use figures/uporto-feup.pdf>
Package pdftex.def Info: figures/uporto-feup.pdf used on input line 98.
(pdftex.def)             Requested size: 204.85983pt x 76.59618pt.
LaTeX Font Info:    Font shape `T1/ptm/bx/n' in size <24.88> not available
(Font)              Font shape `T1/ptm/b/n' tried instead on input line 98.
Package babel Info: Redefining portuges shorthand "|
(babel)             in language  on input line 98.
Package babel Info: Redefining portuges shorthand "|
(babel)             in language  on input line 98.
 [-3




{C:/Users/Marisa Oliveira/AppData/Local/MiKTeX/2.9/pdftex/config/pdftex.map} <.
/figures/uporto-feup.pdf>]
LaTeX Font Info:    Try loading font information for OMS+cmr on input line 98.

("C:\Users\Marisa Oliveira\AppData\Local\Programs\MiKTeX 2.9\tex\latex\base\oms
cmr.fd"
File: omscmr.fd 2014/09/29 v2.5h Standard LaTeX font definitions
)
LaTeX Font Info:    Font shape `OMS/cmr/m/n' in size <10.95> not available
(Font)              Font shape `OMS/cmsy/m/n' tried instead on input line 98.
Package babel Info: Redefining portuges shorthand "|
(babel)             in language  on input line 98.
Package babel Info: Redefining portuges shorthand "|
(babel)             in language  on input line 98.
 [-2

]
\openout2 = `abstract.aux'.

 (abstract.tex
Package babel Info: Redefining portuges shorthand "|
(babel)             in language  on input line 14.
Package babel Info: Redefining portuges shorthand "|
(babel)             in language  on input line 14.
 [1




]
Package babel Info: Redefining portuges shorthand "|
(babel)             in language  on input line 14.
Package babel Info: Redefining portuges shorthand "|
(babel)             in language  on input line 14.
 [2

])
Package babel Info: Redefining portuges shorthand "|
(babel)             in language  on input line 99.
Package babel Info: Redefining portuges shorthand "|
(babel)             in language  on input line 99.
 [3]
\openout2 = `acknows.aux'.

 (acknows.tex
Package babel Info: Redefining portuges shorthand "|
(babel)             in language  on input line 1.
Package babel Info: Redefining portuges shorthand "|
(babel)             in language  on input line 1.
 [4



])
Package babel Info: Redefining portuges shorthand "|
(babel)             in language  on input line 100.
Package babel Info: Redefining portuges shorthand "|
(babel)             in language  on input line 100.
 [5]
\openout2 = `quote.aux'.

 (quote.tex
Package babel Info: Redefining portuges shorthand "|
(babel)             in language  on input line 1.
Package babel Info: Redefining portuges shorthand "|
(babel)             in language  on input line 1.

[6



])
Package babel Info: Redefining portuges shorthand "|
(babel)             in language  on input line 101.
Package babel Info: Redefining portuges shorthand "|
(babel)             in language  on input line 101.
 [7]
Package babel Info: Redefining portuges shorthand "|
(babel)             in language  on input line 102.
Package babel Info: Redefining portuges shorthand "|
(babel)             in language  on input line 102.
 [8


]
Package babel Info: Redefining portuges shorthand "|
(babel)             in language  on input line 103.
 (MarisaOliveira.toc
LaTeX Font Info:    Try loading font information for OT1+ztmcm on input line 3.


("C:\Users\Marisa Oliveira\AppData\Local\Programs\MiKTeX 2.9\tex\latex\psnfss\o
t1ztmcm.fd"
File: ot1ztmcm.fd 2000/01/03 Fontinst v1.801 font definitions for OT1/ztmcm.
)
LaTeX Font Info:    Try loading font information for OML+ztmcm on input line 3.


("C:\Users\Marisa Oliveira\AppData\Local\Programs\MiKTeX 2.9\tex\latex\psnfss\o
mlztmcm.fd"
File: omlztmcm.fd 2000/01/03 Fontinst v1.801 font definitions for OML/ztmcm.
)
LaTeX Font Info:    Try loading font information for OMS+ztmcm on input line 3.


("C:\Users\Marisa Oliveira\AppData\Local\Programs\MiKTeX 2.9\tex\latex\psnfss\o
msztmcm.fd"
File: omsztmcm.fd 2000/01/03 Fontinst v1.801 font definitions for OMS/ztmcm.
)
LaTeX Font Info:    Try loading font information for OMX+ztmcm on input line 3.


("C:\Users\Marisa Oliveira\AppData\Local\Programs\MiKTeX 2.9\tex\latex\psnfss\o
mxztmcm.fd"
File: omxztmcm.fd 2000/01/03 Fontinst v1.801 font definitions for OMX/ztmcm.
)
LaTeX Font Info:    Try loading font information for OT1+ptm on input line 3.

("C:\Users\Marisa Oliveira\AppData\Local\Programs\MiKTeX 2.9\tex\latex\psnfss\o
t1ptm.fd"
File: ot1ptm.fd 2001/06/04 font definitions for OT1/ptm.
)
LaTeX Font Info:    Font shape `OT1/ptm/bx/n' in size <10.95> not available
(Font)              Font shape `OT1/ptm/b/n' tried instead on input line 3.
LaTeX Font Info:    Font shape `OT1/ptm/bx/n' in size <8> not available
(Font)              Font shape `OT1/ptm/b/n' tried instead on input line 3.
LaTeX Font Info:    Font shape `OT1/ptm/bx/n' in size <6> not available
(Font)              Font shape `OT1/ptm/b/n' tried instead on input line 3.
Package babel Info: Redefining portuges shorthand "|
(babel)             in language  on input line 47.
Package babel Info: Redefining portuges shorthand "|
(babel)             in language  on input line 47.
 [9

])
\tf@toc=\write4
\openout4 = `MarisaOliveira.toc'.

Package babel Info: Redefining portuges shorthand "|
(babel)             in language  on input line 105.
Package babel Info: Redefining portuges shorthand "|
(babel)             in language  on input line 105.
 [10]
Package babel Info: Redefining portuges shorthand "|
(babel)             in language  on input line 106.
 (MarisaOliveira.lof)
\tf@lof=\write5
\openout5 = `MarisaOliveira.lof'.

Package babel Info: Redefining portuges shorthand "|
(babel)             in language  on input line 108.
Package babel Info: Redefining portuges shorthand "|
(babel)             in language  on input line 108.
 [11


]
Package babel Info: Redefining portuges shorthand "|
(babel)             in language  on input line 108.
Package babel Info: Redefining portuges shorthand "|
(babel)             in language  on input line 108.
 [12

]
Package babel Info: Redefining portuges shorthand "|
(babel)             in language  on input line 109.
 (MarisaOliveira.lot)
\tf@lot=\write6
\openout6 = `MarisaOliveira.lot'.

Package babel Info: Redefining portuges shorthand "|
(babel)             in language  on input line 111.
Package babel Info: Redefining portuges shorthand "|
(babel)             in language  on input line 111.

[13

]
\openout2 = `abbrevs.aux'.

 (abbrevs.tex
Package babel Info: Redefining portuges shorthand "|
(babel)             in language  on input line 1.
Package babel Info: Redefining portuges shorthand "|
(babel)             in language  on input line 1.
 [14


])
Package babel Info: Redefining portuges shorthand "|
(babel)             in language  on input line 111.
Package babel Info: Redefining portuges shorthand "|
(babel)             in language  on input line 111.
 [15]
Package babel Info: Redefining portuges shorthand "|
(babel)             in language  on input line 118.
Package babel Info: Redefining portuges shorthand "|
(babel)             in language  on input line 118.
 [16


]
\openout2 = `chapter1.aux'.

 (chapter1.tex
Cap\'{\i }tulo 1.
Package babel Info: Redefining portuges shorthand "|
(babel)             in language  on input line 1.
LaTeX Font Info:    Font shape `T1/ptm/bx/n' in size <20.74> not available
(Font)              Font shape `T1/ptm/b/n' tried instead on input line 1.
Package babel Info: Redefining portuges shorthand "|
(babel)             in language  on input line 6.
Package babel Info: Redefining portuges shorthand "|
(babel)             in language  on input line 12.
Package babel Info: Redefining portuges shorthand "|
(babel)             in language  on input line 12.
[1


]
Package babel Info: Redefining portuges shorthand "|
(babel)             in language  on input line 18.
Package babel Info: Redefining portuges shorthand "|
(babel)             in language  on input line 21.
Package babel Info: Redefining portuges shorthand "|
(babel)             in language  on input line 21.
 [2]
Package babel Info: Redefining portuges shorthand "|
(babel)             in language  on input line 31.
Package babel Info: Redefining portuges shorthand "|
(babel)             in language  on input line 31.
 [3]
Package babel Info: Redefining portuges shorthand "|
(babel)             in language  on input line 41.
Package epstopdf Info: Source file: <figures/diagrama_inicial.eps>
(epstopdf)                    date: 2017-06-06 20:59:46
(epstopdf)                    size: 1595150 bytes
(epstopdf)             Output file: <figures/diagrama_inicial-eps-converted-to.
pdf>
(epstopdf)                    date: 2017-06-06 20:59:46
(epstopdf)                    size: 19631 bytes
(epstopdf)             Command: <epstopdf --outfile=figures/diagrama_inicial-ep
s-converted-to.pdf figures/diagrama_inicial.eps>
(epstopdf)             \includegraphics on input line 48.
Package epstopdf Info: Output file is already uptodate.

<figures/diagrama_inicial-eps-converted-to.pdf, id=472, 1173.38374pt x 408.5262
5pt>
File: figures/diagrama_inicial-eps-converted-to.pdf Graphic file (type pdf)
 <use figures/diagrama_inicial-eps-converted-to.pdf>
Package pdftex.def Info: figures/diagrama_inicial-eps-converted-to.pdf used on 
input line 48.
(pdftex.def)             Requested size: 426.79135pt x 148.59033pt.
Package babel Info: Redefining portuges shorthand "|
(babel)             in language  on input line 55.
Package babel Info: Redefining portuges shorthand "|
(babel)             in language  on input line 55.
 [4 <./figures/diagrama_inicial-eps-converted-to.pdf>]
Package epstopdf Info: Source file: <figures/1aparte.eps>
(epstopdf)                    date: 2017-06-06 20:59:46
(epstopdf)                    size: 1272086 bytes
(epstopdf)             Output file: <figures/1aparte-eps-converted-to.pdf>
(epstopdf)                    date: 2017-06-06 20:59:46
(epstopdf)                    size: 18520 bytes
(epstopdf)             Command: <epstopdf --outfile=figures/1aparte-eps-convert
ed-to.pdf figures/1aparte.eps>
(epstopdf)             \includegraphics on input line 66.
Package epstopdf Info: Output file is already uptodate.

<figures/1aparte-eps-converted-to.pdf, id=490, 998.73125pt x 331.2375pt>
File: figures/1aparte-eps-converted-to.pdf Graphic file (type pdf)

<use figures/1aparte-eps-converted-to.pdf>
Package pdftex.def Info: figures/1aparte-eps-converted-to.pdf used on input lin
e 66.
(pdftex.def)             Requested size: 426.79135pt x 141.5499pt.
Package epstopdf Info: Source file: <figures/2parte.eps>
(epstopdf)                    date: 2017-06-06 20:59:46
(epstopdf)                    size: 1020418 bytes
(epstopdf)             Output file: <figures/2parte-eps-converted-to.pdf>
(epstopdf)                    date: 2017-06-06 20:59:46
(epstopdf)                    size: 23179 bytes
(epstopdf)             Command: <epstopdf --outfile=figures/2parte-eps-converte
d-to.pdf figures/2parte.eps>
(epstopdf)             \includegraphics on input line 79.
Package epstopdf Info: Output file is already uptodate.

<figures/2parte-eps-converted-to.pdf, id=493, 506.89375pt x 408.52625pt>
File: figures/2parte-eps-converted-to.pdf Graphic file (type pdf)

<use figures/2parte-eps-converted-to.pdf>
Package pdftex.def Info: figures/2parte-eps-converted-to.pdf used on input line
 79.
(pdftex.def)             Requested size: 298.75264pt x 240.77905pt.


LaTeX Warning: `!h' float specifier changed to `!ht'.

Package babel Info: Redefining portuges shorthand "|
(babel)             in language  on input line 86.
Package babel Info: Redefining portuges shorthand "|
(babel)             in language  on input line 86.
[5 <./figures/1aparte-eps-converted-to.pdf>]
Package babel Info: Redefining portuges shorthand "|
(babel)             in language  on input line 87.
)
Package babel Info: Redefining portuges shorthand "|
(babel)             in language  on input line 121.
Package babel Info: Redefining portuges shorthand "|
(babel)             in language  on input line 121.
 [6 <./figures/2parte-eps-converted-to.pdf>]
Package babel Info: Redefining portuges shorthand "|
(babel)             in language  on input line 121.
Package babel Info: Redefining portuges shorthand "|
(babel)             in language  on input line 121.
 [7]
\openout2 = `chapter2.aux'.

 (chapter2.tex
Package babel Info: Redefining portuges shorthand "|
(babel)             in language  on input line 2.
Package babel Info: Redefining portuges shorthand "|
(babel)             in language  on input line 2.
 [8



]
Cap\'{\i }tulo 2.
Package babel Info: Redefining portuges shorthand "|
(babel)             in language  on input line 2.
Package babel Info: Redefining portuges shorthand "|
(babel)             in language  on input line 6.
Package babel Info: Redefining portuges shorthand "|
(babel)             in language  on input line 14.
Package babel Info: Redefining portuges shorthand "|
(babel)             in language  on input line 14.
[9]
LaTeX Font Info:    Font shape `T1/ptm/bx/it' in size <14.4> not available
(Font)              Font shape `T1/ptm/b/it' tried instead on input line 17.
Package babel Info: Redefining portuges shorthand "|
(babel)             in language  on input line 17.
LaTeX Font Info:    Font shape `T1/ptm/bx/n' in size <12> not available
(Font)              Font shape `T1/ptm/b/n' tried instead on input line 21.
LaTeX Font Info:    Font shape `T1/ptm/bx/it' in size <12> not available
(Font)              Font shape `T1/ptm/b/it' tried instead on input line 21.
Package babel Info: Redefining portuges shorthand "|
(babel)             in language  on input line 21.
Package babel Info: Redefining portuges shorthand "|
(babel)             in language  on input line 24.
Package babel Info: Redefining portuges shorthand "|
(babel)             in language  on input line 28.
Package babel Info: Redefining portuges shorthand "|
(babel)             in language  on input line 28.
 [10]
Package babel Info: Redefining portuges shorthand "|
(babel)             in language  on input line 31.
Package babel Info: Redefining portuges shorthand "|
(babel)             in language  on input line 34.
Package babel Info: Redefining portuges shorthand "|
(babel)             in language  on input line 37.
Package babel Info: Redefining portuges shorthand "|
(babel)             in language  on input line 42.
Package babel Info: Redefining portuges shorthand "|
(babel)             in language  on input line 46.
Package babel Info: Redefining portuges shorthand "|
(babel)             in language  on input line 46.
 [11]
Package babel Info: Redefining portuges shorthand "|
(babel)             in language  on input line 47.
Package epstopdf Info: Source file: <figures/fpga_fmc_vet.eps>
(epstopdf)                    date: 2017-06-06 21:42:57
(epstopdf)                    size: 5633506 bytes
(epstopdf)             Output file: <figures/fpga_fmc_vet-eps-converted-to.pdf>

(epstopdf)                    date: 2017-06-06 21:43:24
(epstopdf)                    size: 278965 bytes
(epstopdf)             Command: <epstopdf --outfile=figures/fpga_fmc_vet-eps-co
nverted-to.pdf figures/fpga_fmc_vet.eps>
(epstopdf)             \includegraphics on input line 53.
Package epstopdf Info: Output file is already uptodate.

<figures/fpga_fmc_vet-eps-converted-to.pdf, id=556, 434.62375pt x 291.0875pt>
File: figures/fpga_fmc_vet-eps-converted-to.pdf Graphic file (type pdf)

<use figures/fpga_fmc_vet-eps-converted-to.pdf>
Package pdftex.def Info: figures/fpga_fmc_vet-eps-converted-to.pdf used on inpu
t line 53.
(pdftex.def)             Requested size: 426.79135pt x 285.85896pt.
Package babel Info: Redefining portuges shorthand "|
(babel)             in language  on input line 63.
Package babel Info: Redefining portuges shorthand "|
(babel)             in language  on input line 63.
 [12 <./figures/fpga_fmc_vet-eps-converted-to.pdf>]
Package babel Info: Redefining portuges shorthand "|
(babel)             in language  on input line 104.
Package epstopdf Info: Source file: <figures/diagramaBlocosRX_hdmi.eps>
(epstopdf)                    date: 2017-06-06 20:59:46
(epstopdf)                    size: 1872182 bytes
(epstopdf)             Output file: <figures/diagramaBlocosRX_hdmi-eps-converte
d-to.pdf>
(epstopdf)                    date: 2017-06-06 20:59:46
(epstopdf)                    size: 180202 bytes
(epstopdf)             Command: <epstopdf --outfile=figures/diagramaBlocosRX_hd
mi-eps-converted-to.pdf figures/diagramaBlocosRX_hdmi.eps>
(epstopdf)             \includegraphics on input line 111.
Package epstopdf Info: Output file is already uptodate.

<figures/diagramaBlocosRX_hdmi-eps-converted-to.pdf, id=575, 461.725pt x 377.41
pt>
File: figures/diagramaBlocosRX_hdmi-eps-converted-to.pdf Graphic file (type pdf
)
 <use figures/diagramaBlocosRX_hdmi-eps-converted-to.pdf>
Package pdftex.def Info: figures/diagramaBlocosRX_hdmi-eps-converted-to.pdf use
d on input line 111.
(pdftex.def)             Requested size: 426.79135pt x 348.8569pt.

Underfull \vbox (badness 1845) has occurred while \output is active []

Package babel Info: Redefining portuges shorthand "|
(babel)             in language  on input line 117.
Package babel Info: Redefining portuges shorthand "|
(babel)             in language  on input line 117.
 [13 <./figures/diagramaBlocosRX_hdmi-eps-converted-to.pdf>]
LaTeX Font Info:    Font shape `T1/ptm/bx/n' in size <10.95> not available
(Font)              Font shape `T1/ptm/b/n' tried instead on input line 118.
Package babel Info: Redefining portuges shorthand "|
(babel)             in language  on input line 163.
Package babel Info: Redefining portuges shorthand "|
(babel)             in language  on input line 163.
 [14]
Package epstopdf Info: Source file: <figures/amostragem_RX_vet.eps>
(epstopdf)                    date: 2017-06-06 20:59:46
(epstopdf)                    size: 719710 bytes
(epstopdf)             Output file: <figures/amostragem_RX_vet-eps-converted-to
.pdf>
(epstopdf)                    date: 2017-06-06 20:59:46
(epstopdf)                    size: 19128 bytes
(epstopdf)             Command: <epstopdf --outfile=figures/amostragem_RX_vet-e
ps-converted-to.pdf figures/amostragem_RX_vet.eps>
(epstopdf)             \includegraphics on input line 171.
Package epstopdf Info: Output file is already uptodate.

<figures/amostragem_RX_vet-eps-converted-to.pdf, id=609, 333.245pt x 95.35625pt
>
File: figures/amostragem_RX_vet-eps-converted-to.pdf Graphic file (type pdf)
 <use figures/amostragem_RX_vet-eps-converted-to.pdf>
Package pdftex.def Info: figures/amostragem_RX_vet-eps-converted-to.pdf used on
 input line 171.
(pdftex.def)             Requested size: 333.24417pt x 95.356pt.
Package babel Info: Redefining portuges shorthand "|
(babel)             in language  on input line 179.
Package epstopdf Info: Source file: <figures/diagramaBlocosTX_HDMI.eps>
(epstopdf)                    date: 2017-06-06 20:59:46
(epstopdf)                    size: 1661898 bytes
(epstopdf)             Output file: <figures/diagramaBlocosTX_HDMI-eps-converte
d-to.pdf>
(epstopdf)                    date: 2017-06-06 20:59:46
(epstopdf)                    size: 156142 bytes
(epstopdf)             Command: <epstopdf --outfile=figures/diagramaBlocosTX_HD
MI-eps-converted-to.pdf figures/diagramaBlocosTX_HDMI.eps>
(epstopdf)             \includegraphics on input line 185.
Package epstopdf Info: Output file is already uptodate.

<figures/diagramaBlocosTX_HDMI-eps-converted-to.pdf, id=614, 460.72125pt x 308.
15125pt>
File: figures/diagramaBlocosTX_HDMI-eps-converted-to.pdf Graphic file (type pdf
)
 <use figures/diagramaBlocosTX_HDMI-eps-converted-to.pdf>
Package pdftex.def Info: figures/diagramaBlocosTX_HDMI-eps-converted-to.pdf use
d on input line 185.
(pdftex.def)             Requested size: 426.79135pt x 285.4539pt.


LaTeX Warning: `!h' float specifier changed to `!ht'.

Package epstopdf Info: Source file: <figures/amostragem_TX_vet.eps>
(epstopdf)                    date: 2017-06-06 20:59:46
(epstopdf)                    size: 717294 bytes
(epstopdf)             Output file: <figures/amostragem_TX_vet-eps-converted-to
.pdf>
(epstopdf)                    date: 2017-06-06 20:59:46
(epstopdf)                    size: 19152 bytes
(epstopdf)             Command: <epstopdf --outfile=figures/amostragem_TX_vet-e
ps-converted-to.pdf figures/amostragem_TX_vet.eps>
(epstopdf)             \includegraphics on input line 198.
Package epstopdf Info: Output file is already uptodate.

<figures/amostragem_TX_vet-eps-converted-to.pdf, id=619, 319.1925pt x 95.35625p
t>
File: figures/amostragem_TX_vet-eps-converted-to.pdf Graphic file (type pdf)
 <use figures/amostragem_TX_vet-eps-converted-to.pdf>
Package pdftex.def Info: figures/amostragem_TX_vet-eps-converted-to.pdf used on
 input line 198.
(pdftex.def)             Requested size: 319.19171pt x 95.356pt.


LaTeX Warning: `!h' float specifier changed to `!ht'.

Package babel Info: Redefining portuges shorthand "|
(babel)             in language  on input line 238.
Package babel Info: Redefining portuges shorthand "|
(babel)             in language  on input line 238.
[15 <./figures/amostragem_RX_vet-eps-converted-to.pdf>]

LaTeX Warning: `!h' float specifier changed to `!ht'.

Package babel Info: Redefining portuges shorthand "|
(babel)             in language  on input line 283.
Package babel Info: Redefining portuges shorthand "|
(babel)             in language  on input line 283.
[16 <./figures/diagramaBlocosTX_HDMI-eps-converted-to.pdf> <./figures/amostrage
m_TX_vet-eps-converted-to.pdf>]
Package babel Info: Redefining portuges shorthand "|
(babel)             in language  on input line 326.
Package babel Info: Redefining portuges shorthand "|
(babel)             in language  on input line 330.
Package babel Info: Redefining portuges shorthand "|
(babel)             in language  on input line 335.
Package babel Info: Redefining portuges shorthand "|
(babel)             in language  on input line 335.
 [17]
Package babel Info: Redefining portuges shorthand "|
(babel)             in language  on input line 349.
Package babel Info: Redefining portuges shorthand "|
(babel)             in language  on input line 349.
 [18]
Package babel Info: Redefining portuges shorthand "|
(babel)             in language  on input line 363.
Package epstopdf Info: Source file: <figures/ser_des.eps>
(epstopdf)                    date: 2017-06-11 09:15:57
(epstopdf)                    size: 53469 bytes
(epstopdf)             Output file: <figures/ser_des-eps-converted-to.pdf>
(epstopdf)                    date: 2017-06-11 09:15:57
(epstopdf)                    size: 19761 bytes
(epstopdf)             Command: <epstopdf --outfile=figures/ser_des-eps-convert
ed-to.pdf figures/ser_des.eps>
(epstopdf)             \includegraphics on input line 374.
Package epstopdf Info: Output file is already uptodate.

<figures/ser_des-eps-converted-to.pdf, id=687, 290.08376pt x 158.5925pt>
File: figures/ser_des-eps-converted-to.pdf Graphic file (type pdf)

<use figures/ser_des-eps-converted-to.pdf>
Package pdftex.def Info: figures/ser_des-eps-converted-to.pdf used on input lin
e 374.
(pdftex.def)             Requested size: 426.79135pt x 233.34834pt.
Package babel Info: Redefining portuges shorthand "|
(babel)             in language  on input line 384.
Package babel Info: Redefining portuges shorthand "|
(babel)             in language  on input line 384.
 [19 <./figures/ser_des-eps-converted-to.pdf>]
LaTeX Font Info:    Font shape `OT1/ptm/bx/n' in size <9> not available
(Font)              Font shape `OT1/ptm/b/n' tried instead on input line 384.
LaTeX Font Info:    Font shape `OT1/ptm/bx/n' in size <7> not available
(Font)              Font shape `OT1/ptm/b/n' tried instead on input line 384.
LaTeX Font Info:    Font shape `OT1/ptm/bx/n' in size <5> not available
(Font)              Font shape `OT1/ptm/b/n' tried instead on input line 384.
Package babel Info: Redefining portuges shorthand "|
(babel)             in language  on input line 410.
Package babel Info: Redefining portuges shorthand "|
(babel)             in language  on input line 410.
 [20]
LaTeX Font Info:    Font shape `T1/ptm/bx/it' in size <10.95> not available
(Font)              Font shape `T1/ptm/b/it' tried instead on input line 449.
Package babel Info: Redefining portuges shorthand "|
(babel)             in language  on input line 452.
Package babel Info: Redefining portuges shorthand "|
(babel)             in language  on input line 452.
 [21]
Package epstopdf Info: Source file: <figures/SIPO_PISO_vet.eps>
(epstopdf)                    date: 2017-06-11 11:21:33
(epstopdf)                    size: 645206 bytes
(epstopdf)             Output file: <figures/SIPO_PISO_vet-eps-converted-to.pdf
>
(epstopdf)                    date: 2017-06-11 11:21:44
(epstopdf)                    size: 25069 bytes
(epstopdf)             Command: <epstopdf --outfile=figures/SIPO_PISO_vet-eps-c
onverted-to.pdf figures/SIPO_PISO_vet.eps>
(epstopdf)             \includegraphics on input line 459.
Package epstopdf Info: Output file is already uptodate.

<figures/SIPO_PISO_vet-eps-converted-to.pdf, id=721, 234.8775pt x 113.42375pt>
File: figures/SIPO_PISO_vet-eps-converted-to.pdf Graphic file (type pdf)

<use figures/SIPO_PISO_vet-eps-converted-to.pdf>
Package pdftex.def Info: figures/SIPO_PISO_vet-eps-converted-to.pdf used on inp
ut line 459.
(pdftex.def)             Requested size: 426.79135pt x 206.10095pt.
Package babel Info: Redefining portuges shorthand "|
(babel)             in language  on input line 468.
Package babel Info: Redefining portuges shorthand "|
(babel)             in language  on input line 468.
 [22 <./figures/SIPO_PISO_vet-eps-converted-to.pdf>]
Package epstopdf Info: Source file: <figures/PISO.eps>
(epstopdf)                    date: 2017-06-11 17:22:45
(epstopdf)                    size: 524770 bytes
(epstopdf)             Output file: <figures/PISO-eps-converted-to.pdf>
(epstopdf)                    date: 2017-06-11 17:22:56
(epstopdf)                    size: 20306 bytes
(epstopdf)             Command: <epstopdf --outfile=figures/PISO-eps-converted-
to.pdf figures/PISO.eps>
(epstopdf)             \includegraphics on input line 472.
Package epstopdf Info: Output file is already uptodate.

<figures/PISO-eps-converted-to.pdf, id=742, 545.03625pt x 170.6375pt>
File: figures/PISO-eps-converted-to.pdf Graphic file (type pdf)

<use figures/PISO-eps-converted-to.pdf>
Package pdftex.def Info: figures/PISO-eps-converted-to.pdf used on input line 4
72.
(pdftex.def)             Requested size: 341.43437pt x 106.89291pt.
Package epstopdf Info: Source file: <figures/SIPO.eps>
(epstopdf)                    date: 2017-06-11 17:21:53
(epstopdf)                    size: 611026 bytes
(epstopdf)             Output file: <figures/SIPO-eps-converted-to.pdf>
(epstopdf)                    date: 2017-06-11 17:22:57
(epstopdf)                    size: 26681 bytes
(epstopdf)             Command: <epstopdf --outfile=figures/SIPO-eps-converted-
to.pdf figures/SIPO.eps>
(epstopdf)             \includegraphics on input line 488.
Package epstopdf Info: Output file is already uptodate.

<figures/SIPO-eps-converted-to.pdf, id=745, 506.89375pt x 239.89626pt>
File: figures/SIPO-eps-converted-to.pdf Graphic file (type pdf)

<use figures/SIPO-eps-converted-to.pdf>
Package pdftex.def Info: figures/SIPO-eps-converted-to.pdf used on input line 4
88.
(pdftex.def)             Requested size: 341.43437pt x 161.59352pt.
Package babel Info: Redefining portuges shorthand "|
(babel)             in language  on input line 498.
Package babel Info: Redefining portuges shorthand "|
(babel)             in language  on input line 498.
 [23 <./figures/PISO-eps-converted-to.pdf> <./figures/SIPO-eps-converted-to.pdf
>]
Package babel Info: Redefining portuges shorthand "|
(babel)             in language  on input line 517.
Package babel Info: Redefining portuges shorthand "|
(babel)             in language  on input line 517.
 [24]
Package babel Info: Redefining portuges shorthand "|
(babel)             in language  on input line 907.
)
Package babel Info: Redefining portuges shorthand "|
(babel)             in language  on input line 122.
Package babel Info: Redefining portuges shorthand "|
(babel)             in language  on input line 122.
 [25]
\openout2 = `chapter3.aux'.

 (chapter3.tex
Package babel Info: Redefining portuges shorthand "|
(babel)             in language  on input line 1.
Package babel Info: Redefining portuges shorthand "|
(babel)             in language  on input line 1.
 [26



]
Cap\'{\i }tulo 3.
Package babel Info: Redefining portuges shorthand "|
(babel)             in language  on input line 1.
Package babel Info: Redefining portuges shorthand "|
(babel)             in language  on input line 5.
Package epstopdf Info: Source file: <figures/placa_HDMI_rx_vet.eps>
(epstopdf)                    date: 2017-06-06 20:59:46
(epstopdf)                    size: 2712510 bytes
(epstopdf)             Output file: <figures/placa_HDMI_rx_vet-eps-converted-to
.pdf>
(epstopdf)                    date: 2017-06-06 20:59:46
(epstopdf)                    size: 149638 bytes
(epstopdf)             Command: <epstopdf --outfile=figures/placa_HDMI_rx_vet-e
ps-converted-to.pdf figures/placa_HDMI_rx_vet.eps>
(epstopdf)             \includegraphics on input line 13.
Package epstopdf Info: Output file is already uptodate.

<figures/placa_HDMI_rx_vet-eps-converted-to.pdf, id=791, 461.725pt x 234.8775pt
>
File: figures/placa_HDMI_rx_vet-eps-converted-to.pdf Graphic file (type pdf)
 <use figures/placa_HDMI_rx_vet-eps-converted-to.pdf>
Package pdftex.def Info: figures/placa_HDMI_rx_vet-eps-converted-to.pdf used on
 input line 13.
(pdftex.def)             Requested size: 426.79135pt x 217.10776pt.


LaTeX Warning: `!h' float specifier changed to `!ht'.

Package epstopdf Info: Source file: <figures/placa_HDMI_tx_vet.eps>
(epstopdf)                    date: 2017-06-06 20:59:46
(epstopdf)                    size: 2689570 bytes
(epstopdf)             Output file: <figures/placa_HDMI_tx_vet-eps-converted-to
.pdf>
(epstopdf)                    date: 2017-06-06 20:59:46
(epstopdf)                    size: 145084 bytes
(epstopdf)             Command: <epstopdf --outfile=figures/placa_HDMI_tx_vet-e
ps-converted-to.pdf figures/placa_HDMI_tx_vet.eps>
(epstopdf)             \includegraphics on input line 22.
Package epstopdf Info: Output file is already uptodate.

<figures/placa_HDMI_tx_vet-eps-converted-to.pdf, id=794, 460.72125pt x 235.8812
6pt>
File: figures/placa_HDMI_tx_vet-eps-converted-to.pdf Graphic file (type pdf)
 <use figures/placa_HDMI_tx_vet-eps-converted-to.pdf>
Package pdftex.def Info: figures/placa_HDMI_tx_vet-eps-converted-to.pdf used on
 input line 22.
(pdftex.def)             Requested size: 426.79135pt x 218.50706pt.


LaTeX Warning: `!h' float specifier changed to `!ht'.


Overfull \hbox (14.1469pt too wide) in paragraph at lines 29--30
[]\T1/cmr/m/n/10.95 As pla-cas pos-suem ainda uma PROM (\T1/cmr/m/it/10.95 Pro-
gram-ma-ble read-only me-mory\T1/cmr/m/n/10.95 ) XCF16PFSG48C
 []

Package babel Info: Redefining portuges shorthand "|
(babel)             in language  on input line 32.
Package babel Info: Redefining portuges shorthand "|
(babel)             in language  on input line 32.
[27]
Package babel Info: Redefining portuges shorthand "|
(babel)             in language  on input line 33.

Underfull \vbox (badness 3000) has occurred while \output is active []

Package babel Info: Redefining portuges shorthand "|
(babel)             in language  on input line 36.
Package babel Info: Redefining portuges shorthand "|
(babel)             in language  on input line 36.
 [28 <./figures/placa_HDMI_rx_vet-eps-converted-to.pdf> <./figures/placa_HDMI_t
x_vet-eps-converted-to.pdf>]
Package babel Info: Redefining portuges shorthand "|
(babel)             in language  on input line 63.
Package babel Info: Redefining portuges shorthand "|
(babel)             in language  on input line 63.
 [29]
Overfull \hbox (21.16527pt too wide) in paragraph at lines 74--94
 [][] 
 []


LaTeX Warning: `!h' float specifier changed to `!ht'.

Package babel Info: Redefining portuges shorthand "|
(babel)             in language  on input line 110.
Package babel Info: Redefining portuges shorthand "|
(babel)             in language  on input line 110.
[30]
Package epstopdf Info: Source file: <figures/audio_i2s.eps>
(epstopdf)                    date: 2017-05-29 22:14:08
(epstopdf)                    size: 43866 bytes
(epstopdf)             Output file: <figures/audio_i2s-eps-converted-to.pdf>
(epstopdf)                    date: 2017-05-29 22:16:10
(epstopdf)                    size: 15885 bytes
(epstopdf)             Command: <epstopdf --outfile=figures/audio_i2s-eps-conve
rted-to.pdf figures/audio_i2s.eps>
(epstopdf)             \includegraphics on input line 114.
Package epstopdf Info: Output file is already uptodate.

<figures/audio_i2s-eps-converted-to.pdf, id=864, 448.67625pt x 111.41624pt>
File: figures/audio_i2s-eps-converted-to.pdf Graphic file (type pdf)

<use figures/audio_i2s-eps-converted-to.pdf>
Package pdftex.def Info: figures/audio_i2s-eps-converted-to.pdf used on input l
ine 114.
(pdftex.def)             Requested size: 426.79135pt x 105.98593pt.
Package babel Info: Redefining portuges shorthand "|
(babel)             in language  on input line 123.
Package babel Info: Redefining portuges shorthand "|
(babel)             in language  on input line 123.
 [31 <./figures/audio_i2s-eps-converted-to.pdf>]
Package babel Info: Redefining portuges shorthand "|
(babel)             in language  on input line 136.
Package babel Info: Redefining portuges shorthand "|
(babel)             in language  on input line 139.
Package babel Info: Redefining portuges shorthand "|
(babel)             in language  on input line 139.
 [32]
Underfull \vbox (badness 4739) has occurred while \output is active []

Package babel Info: Redefining portuges shorthand "|
(babel)             in language  on input line 204.
Package babel Info: Redefining portuges shorthand "|
(babel)             in language  on input line 204.
 [33]
Overfull \hbox (20.80713pt too wide) in paragraph at lines 208--222
 [][] 
 []

Package babel Info: Redefining portuges shorthand "|
(babel)             in language  on input line 229.
Package babel Info: Redefining portuges shorthand "|
(babel)             in language  on input line 229.
[34]
Package babel Info: Redefining portuges shorthand "|
(babel)             in language  on input line 271.
Package babel Info: Redefining portuges shorthand "|
(babel)             in language  on input line 275.
Package babel Info: Redefining portuges shorthand "|
(babel)             in language  on input line 278.
Package babel Info: Redefining portuges shorthand "|
(babel)             in language  on input line 278.
 [35]
Package epstopdf Info: Source file: <figures/exemplo_colorBar.eps>
(epstopdf)                    date: 2017-05-30 20:40:45
(epstopdf)                    size: 20632 bytes
(epstopdf)             Output file: <figures/exemplo_colorBar-eps-converted-to.
pdf>
(epstopdf)                    date: 2017-05-30 20:40:45
(epstopdf)                    size: 8572 bytes
(epstopdf)             Command: <epstopdf --outfile=figures/exemplo_colorBar-ep
s-converted-to.pdf figures/exemplo_colorBar.eps>
(epstopdf)             \includegraphics on input line 297.
Package epstopdf Info: Output file is already uptodate.

<figures/exemplo_colorBar-eps-converted-to.pdf, id=932, 424.58624pt x 305.14pt>
File: figures/exemplo_colorBar-eps-converted-to.pdf Graphic file (type pdf)
<use figures/exemplo_colorBar-eps-converted-to.pdf>
Package pdftex.def Info: figures/exemplo_colorBar-eps-converted-to.pdf used on 
input line 297.
(pdftex.def)             Requested size: 426.79135pt x 306.7409pt.


LaTeX Warning: `!h' float specifier changed to `!ht'.

Package babel Info: Redefining portuges shorthand "|
(babel)             in language  on input line 304.
Package babel Info: Redefining portuges shorthand "|
(babel)             in language  on input line 304.
[36]
Package epstopdf Info: Source file: <figures/colorBar_FSM.eps>
(epstopdf)                    date: 2017-05-30 20:40:45
(epstopdf)                    size: 32315 bytes
(epstopdf)             Output file: <figures/colorBar_FSM-eps-converted-to.pdf>

(epstopdf)                    date: 2017-05-30 20:40:45
(epstopdf)                    size: 12895 bytes
(epstopdf)             Command: <epstopdf --outfile=figures/colorBar_FSM-eps-co
nverted-to.pdf figures/colorBar_FSM.eps>
(epstopdf)             \includegraphics on input line 310.
Package epstopdf Info: Output file is already uptodate.

<figures/colorBar_FSM-eps-converted-to.pdf, id=947, 387.4475pt x 273.02pt>
File: figures/colorBar_FSM-eps-converted-to.pdf Graphic file (type pdf)

<use figures/colorBar_FSM-eps-converted-to.pdf>
Package pdftex.def Info: figures/colorBar_FSM-eps-converted-to.pdf used on inpu
t line 310.
(pdftex.def)             Requested size: 426.79135pt x 300.74785pt.


LaTeX Warning: `!h' float specifier changed to `!ht'.

Package babel Info: Redefining portuges shorthand "|
(babel)             in language  on input line 323.
Package babel Info: Redefining portuges shorthand "|
(babel)             in language  on input line 323.
[37 <./figures/exemplo_colorBar-eps-converted-to.pdf>]
Package babel Info: Redefining portuges shorthand "|
(babel)             in language  on input line 330.
Package babel Info: Redefining portuges shorthand "|
(babel)             in language  on input line 330.
 [38 <./figures/colorBar_FSM-eps-converted-to.pdf>]
Package babel Info: Redefining portuges shorthand "|
(babel)             in language  on input line 345.
Package babel Info: Redefining portuges shorthand "|
(babel)             in language  on input line 345.
 [39]
Package epstopdf Info: Source file: <figures/planA.eps>
(epstopdf)                    date: 2017-05-30 21:33:45
(epstopdf)                    size: 69855 bytes
(epstopdf)             Output file: <figures/planA-eps-converted-to.pdf>
(epstopdf)                    date: 2017-06-03 15:22:50
(epstopdf)                    size: 24273 bytes
(epstopdf)             Command: <epstopdf --outfile=figures/planA-eps-converted
-to.pdf figures/planA.eps>
(epstopdf)             \includegraphics on input line 354.
Package epstopdf Info: Output file is already uptodate.

<figures/planA-eps-converted-to.pdf, id=981, 689.57625pt x 356.33125pt>
File: figures/planA-eps-converted-to.pdf Graphic file (type pdf)

<use figures/planA-eps-converted-to.pdf>
Package pdftex.def Info: figures/planA-eps-converted-to.pdf used on input line 
354.
(pdftex.def)             Requested size: 426.79135pt x 220.54248pt.
Package babel Info: Redefining portuges shorthand "|
(babel)             in language  on input line 363.
Package babel Info: Redefining portuges shorthand "|
(babel)             in language  on input line 363.
 [40 <./figures/planA-eps-converted-to.pdf>]
Underfull \vbox (badness 3713) has occurred while \output is active []

Package babel Info: Redefining portuges shorthand "|
(babel)             in language  on input line 391.
Package babel Info: Redefining portuges shorthand "|
(babel)             in language  on input line 391.
 [41]
Package babel Info: Redefining portuges shorthand "|
(babel)             in language  on input line 394.
Package epstopdf Info: Source file: <figures/planB1.eps>
(epstopdf)                    date: 2017-06-03 15:22:50
(epstopdf)                    size: 1320742 bytes
(epstopdf)             Output file: <figures/planB1-eps-converted-to.pdf>
(epstopdf)                    date: 2017-06-03 15:22:50
(epstopdf)                    size: 27425 bytes
(epstopdf)             Command: <epstopdf --outfile=figures/planB1-eps-converte
d-to.pdf figures/planB1.eps>
(epstopdf)             \includegraphics on input line 403.
Package epstopdf Info: Output file is already uptodate.

<figures/planB1-eps-converted-to.pdf, id=1014, 794.97pt x 388.45125pt>
File: figures/planB1-eps-converted-to.pdf Graphic file (type pdf)

<use figures/planB1-eps-converted-to.pdf>
Package pdftex.def Info: figures/planB1-eps-converted-to.pdf used on input line
 403.
(pdftex.def)             Requested size: 426.79135pt x 208.55138pt.
Package babel Info: Redefining portuges shorthand "|
(babel)             in language  on input line 411.
Package babel Info: Redefining portuges shorthand "|
(babel)             in language  on input line 411.
 [42 <./figures/planB1-eps-converted-to.pdf>]
Underfull \vbox (badness 10000) has occurred while \output is active []

Package babel Info: Redefining portuges shorthand "|
(babel)             in language  on input line 443.
Package babel Info: Redefining portuges shorthand "|
(babel)             in language  on input line 443.
 [43]
Package babel Info: Redefining portuges shorthand "|
(babel)             in language  on input line 450.
Package epstopdf Info: Source file: <figures/planC.eps>
(epstopdf)                    date: 2017-06-04 02:45:35
(epstopdf)                    size: 2187166 bytes
(epstopdf)             Output file: <figures/planC-eps-converted-to.pdf>
(epstopdf)                    date: 2017-06-04 02:46:39
(epstopdf)                    size: 39924 bytes
(epstopdf)             Command: <epstopdf --outfile=figures/planC-eps-converted
-to.pdf figures/planC.eps>
(epstopdf)             \includegraphics on input line 459.
Package epstopdf Info: Output file is already uptodate.

<figures/planC-eps-converted-to.pdf, id=1051, 791.95876pt x 819.06pt>
File: figures/planC-eps-converted-to.pdf Graphic file (type pdf)

<use figures/planC-eps-converted-to.pdf>
Package pdftex.def Info: figures/planC-eps-converted-to.pdf used on input line 
459.
(pdftex.def)             Requested size: 426.79135pt x 441.39847pt.


LaTeX Warning: `!h' float specifier changed to `!ht'.

Package babel Info: Redefining portuges shorthand "|
(babel)             in language  on input line 467.
Package babel Info: Redefining portuges shorthand "|
(babel)             in language  on input line 467.
[44]
Underfull \vbox (badness 1661) has occurred while \output is active []

Package babel Info: Redefining portuges shorthand "|
(babel)             in language  on input line 469.
Package babel Info: Redefining portuges shorthand "|
(babel)             in language  on input line 469.
 [45 <./figures/planC-eps-converted-to.pdf>]
Package babel Info: Redefining portuges shorthand "|
(babel)             in language  on input line 519.
Package babel Info: Redefining portuges shorthand "|
(babel)             in language  on input line 519.
 [46])
Package babel Info: Redefining portuges shorthand "|
(babel)             in language  on input line 123.
Package babel Info: Redefining portuges shorthand "|
(babel)             in language  on input line 123.
 [47]
Package babel Info: Redefining portuges shorthand "|
(babel)             in language  on input line 123.
Package babel Info: Redefining portuges shorthand "|
(babel)             in language  on input line 123.
 [48]
\openout2 = `chapter4.aux'.

 (chapter4.tex
Cap\'{\i }tulo 4.
Package babel Info: Redefining portuges shorthand "|
(babel)             in language  on input line 1.
)
Package babel Info: Redefining portuges shorthand "|
(babel)             in language  on input line 124.
Package babel Info: Redefining portuges shorthand "|
(babel)             in language  on input line 124.
 [49



]
\openout2 = `chapter5.aux'.

 (chapter5.tex
Package babel Info: Redefining portuges shorthand "|
(babel)             in language  on input line 1.
Package babel Info: Redefining portuges shorthand "|
(babel)             in language  on input line 1.
 [50



]
Cap\'{\i }tulo 5.
Package babel Info: Redefining portuges shorthand "|
(babel)             in language  on input line 1.
)
Package babel Info: Redefining portuges shorthand "|
(babel)             in language  on input line 125.
Package babel Info: Redefining portuges shorthand "|
(babel)             in language  on input line 125.
 [51]
\openout2 = `appendix1.aux'.

 (appendix1.tex
Package babel Info: Redefining portuges shorthand "|
(babel)             in language  on input line 1.
Package babel Info: Redefining portuges shorthand "|
(babel)             in language  on input line 1.
 [52



]
Anexo A.
Package babel Info: Redefining portuges shorthand "|
(babel)             in language  on input line 1.
Package babel Info: Redefining portuges shorthand "|
(babel)             in language  on input line 3.

Overfull \hbox (25.72844pt too wide) in alignment at lines 5--11
 [] [] [] [] 
 []


Overfull \hbox (25.72844pt too wide) in alignment at lines 11--31
 [] [] [] [] 
 []


Overfull \hbox (25.72844pt too wide) in alignment at lines 31--49
 [] [] [] [] 
 []

Package babel Info: Redefining portuges shorthand "|
(babel)             in language  on input line 49.
Package babel Info: Redefining portuges shorthand "|
(babel)             in language  on input line 49.
[53]
Package babel Info: Redefining portuges shorthand "|
(babel)             in language  on input line 51.

Overfull \hbox (114.1236pt too wide) in alignment at lines 54--59
 [] [] [] [] 
 []


Overfull \hbox (114.1236pt too wide) in alignment at lines 59--79
 [] [] [] [] 
 []


Overfull \hbox (114.1236pt too wide) in alignment at lines 79--99
 [] [] [] [] 
 []


Overfull \hbox (114.1236pt too wide) in alignment at lines 99--113
 [] [] [] [] 
 []

Package babel Info: Redefining portuges shorthand "|
(babel)             in language  on input line 113.
Package babel Info: Redefining portuges shorthand "|
(babel)             in language  on input line 113.
[54]
Package babel Info: Redefining portuges shorthand "|
(babel)             in language  on input line 115.

Overfull \hbox (32.81766pt too wide) in alignment at lines 118--123
 [] [] [] [] 
 []


Overfull \hbox (32.81766pt too wide) in alignment at lines 123--143
 [] [] [] [] 
 []


Overfull \hbox (32.81766pt too wide) in alignment at lines 143--165
 [] [] [] [] 
 []

Package babel Info: Redefining portuges shorthand "|
(babel)             in language  on input line 165.
Package babel Info: Redefining portuges shorthand "|
(babel)             in language  on input line 165.
[55]
Overfull \hbox (32.81766pt too wide) in alignment at lines 165--185
 [] [] [] [] 
 []

Package babel Info: Redefining portuges shorthand "|
(babel)             in language  on input line 185.
Package babel Info: Redefining portuges shorthand "|
(babel)             in language  on input line 185.
[56]
Overfull \hbox (32.81766pt too wide) in alignment at lines 185--202
 [] [] [] [] 
 []

Package babel Info: Redefining portuges shorthand "|
(babel)             in language  on input line 202.
Package babel Info: Redefining portuges shorthand "|
(babel)             in language  on input line 202.
[57])
Package babel Info: Redefining portuges shorthand "|
(babel)             in language  on input line 129.
Package babel Info: Redefining portuges shorthand "|
(babel)             in language  on input line 129.
 [58]
\openout2 = `appendix3.aux'.

 (appendix3.tex
Anexo B.
Package babel Info: Redefining portuges shorthand "|
(babel)             in language  on input line 1.
Package babel Info: Redefining portuges shorthand "|
(babel)             in language  on input line 3.

Overfull \hbox (36.8244pt too wide) in alignment at lines 5--10
 [] [] [] [] [] [] 
 []


Overfull \hbox (36.8244pt too wide) in alignment at lines 10--30
 [] [] [] [] [] [] 
 []


Overfull \hbox (36.8244pt too wide) in alignment at lines 30--48
 [] [] [] [] [] [] 
 []

Package babel Info: Redefining portuges shorthand "|
(babel)             in language  on input line 48.
Package babel Info: Redefining portuges shorthand "|
(babel)             in language  on input line 48.
[59



]
Package babel Info: Redefining portuges shorthand "|
(babel)             in language  on input line 51.

Overfull \hbox (54.36511pt too wide) in alignment at lines 54--58
 [] [] [] [] [] [] 
 []


Overfull \hbox (54.36511pt too wide) in alignment at lines 58--78
 [] [] [] [] [] [] 
 []


Overfull \hbox (54.36511pt too wide) in alignment at lines 78--98
 [] [] [] [] [] [] 
 []

Package babel Info: Redefining portuges shorthand "|
(babel)             in language  on input line 98.
Package babel Info: Redefining portuges shorthand "|
(babel)             in language  on input line 98.
[60]
Overfull \hbox (54.36511pt too wide) in alignment at lines 98--118
 [] [] [] [] [] [] 
 []


Overfull \hbox (54.36511pt too wide) in alignment at lines 118--131
 [] [] [] [] [] [] 
 []

Package babel Info: Redefining portuges shorthand "|
(babel)             in language  on input line 131.
Package babel Info: Redefining portuges shorthand "|
(babel)             in language  on input line 131.
[61]
Package babel Info: Redefining portuges shorthand "|
(babel)             in language  on input line 134.

Overfull \hbox (50.21837pt too wide) in alignment at lines 137--142
 [] [] [] [] [] [] 
 []


Overfull \hbox (50.21837pt too wide) in alignment at lines 142--162
 [] [] [] [] [] [] 
 []


Overfull \hbox (50.21837pt too wide) in alignment at lines 162--182
 [] [] [] [] [] [] 
 []

Package babel Info: Redefining portuges shorthand "|
(babel)             in language  on input line 182.
Package babel Info: Redefining portuges shorthand "|
(babel)             in language  on input line 182.
[62]
Overfull \hbox (50.21837pt too wide) in alignment at lines 182--202
 [] [] [] [] [] [] 
 []


Overfull \hbox (50.21837pt too wide) in alignment at lines 202--222
 [] [] [] [] [] [] 
 []

Package babel Info: Redefining portuges shorthand "|
(babel)             in language  on input line 222.
Package babel Info: Redefining portuges shorthand "|
(babel)             in language  on input line 222.
[63]
Overfull \hbox (50.21837pt too wide) in alignment at lines 222--242
 [] [] [] [] [] [] 
 []

Package babel Info: Redefining portuges shorthand "|
(babel)             in language  on input line 242.
Package babel Info: Redefining portuges shorthand "|
(babel)             in language  on input line 242.
[64])
Package babel Info: Redefining portuges shorthand "|
(babel)             in language  on input line 130.
Package babel Info: Redefining portuges shorthand "|
(babel)             in language  on input line 130.
 [65]
\openout2 = `appendix2.aux'.

 (appendix2.tex
Package babel Info: Redefining portuges shorthand "|
(babel)             in language  on input line 1.
Package babel Info: Redefining portuges shorthand "|
(babel)             in language  on input line 1.
 [66



]
Anexo C.
Package babel Info: Redefining portuges shorthand "|
(babel)             in language  on input line 1.
Package babel Info: Redefining portuges shorthand "|
(babel)             in language  on input line 3.
Package babel Info: Redefining portuges shorthand "|
(babel)             in language  on input line 6.
Package babel Info: Redefining portuges shorthand "|
(babel)             in language  on input line 58.
Package babel Info: Redefining portuges shorthand "|
(babel)             in language  on input line 58.
[67]
Package babel Info: Redefining portuges shorthand "|
(babel)             in language  on input line 138.
Package babel Info: Redefining portuges shorthand "|
(babel)             in language  on input line 138.
 [68]
Package babel Info: Redefining portuges shorthand "|
(babel)             in language  on input line 162.
Package babel Info: Redefining portuges shorthand "|
(babel)             in language  on input line 212.
Package babel Info: Redefining portuges shorthand "|
(babel)             in language  on input line 212.
 [69]
Package babel Info: Redefining portuges shorthand "|
(babel)             in language  on input line 292.
Package babel Info: Redefining portuges shorthand "|
(babel)             in language  on input line 292.
 [70]
Package babel Info: Redefining portuges shorthand "|
(babel)             in language  on input line 372.
Package babel Info: Redefining portuges shorthand "|
(babel)             in language  on input line 372.
 [71]
Package babel Info: Redefining portuges shorthand "|
(babel)             in language  on input line 450.
Package babel Info: Redefining portuges shorthand "|
(babel)             in language  on input line 450.
 [72]
Package babel Info: Redefining portuges shorthand "|
(babel)             in language  on input line 453.
Package babel Info: Redefining portuges shorthand "|
(babel)             in language  on input line 523.
Package babel Info: Redefining portuges shorthand "|
(babel)             in language  on input line 523.
 [73]
Package babel Info: Redefining portuges shorthand "|
(babel)             in language  on input line 603.
Package babel Info: Redefining portuges shorthand "|
(babel)             in language  on input line 603.
 [74]
Package babel Info: Redefining portuges shorthand "|
(babel)             in language  on input line 683.
Package babel Info: Redefining portuges shorthand "|
(babel)             in language  on input line 683.
 [75]
Package babel Info: Redefining portuges shorthand "|
(babel)             in language  on input line 774.
Package babel Info: Redefining portuges shorthand "|
(babel)             in language  on input line 774.
 [76]
Package babel Info: Redefining portuges shorthand "|
(babel)             in language  on input line 862.
Package babel Info: Redefining portuges shorthand "|
(babel)             in language  on input line 862.
 [77]
Package babel Info: Redefining portuges shorthand "|
(babel)             in language  on input line 876.
)
Package babel Info: Redefining portuges shorthand "|
(babel)             in language  on input line 131.
Package babel Info: Redefining portuges shorthand "|
(babel)             in language  on input line 131.
 [78]
(MarisaOliveira.bbl
Package babel Info: Redefining portuges shorthand "|
(babel)             in language  on input line 69.
Package babel Info: Redefining portuges shorthand "|
(babel)             in language  on input line 69.
 [79


])
Package atveryend Info: Empty hook `BeforeClearDocument' on input line 152.
Package babel Info: Redefining portuges shorthand "|
(babel)             in language  on input line 152.
Package babel Info: Redefining portuges shorthand "|
(babel)             in language  on input line 152.
 [80]
Package atveryend Info: Empty hook `AfterLastShipout' on input line 152.
 (MarisaOliveira.aux (abstract.aux) (acknows.aux) (quote.aux) (abbrevs.aux) (ch
apter1.aux) (chapter2.aux) (chapter3.aux)
(chapter4.aux) (chapter5.aux) (appendix1.aux) (appendix3.aux) (appendix2.aux))
Package atveryend Info: Executing hook `AtVeryEndDocument' on input line 152.
Package atveryend Info: Executing hook `AtEndAfterFileList' on input line 152.
Package rerunfilecheck Info: File `MarisaOliveira.out' has not changed.
(rerunfilecheck)             Checksum: 2FCD53043316B61CD14C0B2BBB1CBAAD;4231.
Package atveryend Info: Empty hook `AtVeryVeryEnd' on input line 152.
 ) 
Here is how much of TeX's memory you used:
 9180 strings out of 493333
 141159 string characters out of 3125802
 274764 words of memory out of 3000000
 12139 multiletter control sequences out of 15000+200000
 81679 words of font info for 101 fonts, out of 3000000 for 9000
 1141 hyphenation exceptions out of 8191
 43i,16n,51p,1898b,562s stack positions out of 5000i,500n,10000p,200000b,50000s
{C:/Users/Marisa Oliveira/AppData/Local/Programs/MiKTeX 2.9/fonts/enc/dvips/b
ase/8r.enc} <C:\Users\Marisa Oliveira\AppData\Local\MiKTeX\2.9\fonts\pk\ljfour\
jknappen\ec\dpi600\ecbi1095.pk> <C:\Users\Marisa Oliveira\AppData\Local\MiKTeX\
2.9\fonts\pk\ljfour\jknappen\ec\dpi600\ecbx1095.pk> <C:\Users\Marisa Oliveira\A
ppData\Local\MiKTeX\2.9\fonts\pk\ljfour\jknappen\ec\dpi600\ecsl1095.pk> <C:\Use
rs\Marisa Oliveira\AppData\Local\MiKTeX\2.9\fonts\pk\ljfour\jknappen\ec\dpi600\
ecti1095.pk> <C:\Users\Marisa Oliveira\AppData\Local\MiKTeX\2.9\fonts\pk\ljfour
\jknappen\ec\dpi600\ecrm1095.pk> <C:\Users\Marisa Oliveira\AppData\Local\MiKTeX
\2.9\fonts\pk\ljfour\jknappen\ec\dpi600\ecrm1200.pk> <C:\Users\Marisa Oliveira\
AppData\Local\MiKTeX\2.9\fonts\pk\ljfour\jknappen\ec\dpi600\eccc1440.pk><C:/Use
rs/Marisa Oliveira/AppData/Local/Programs/MiKTeX 2.9/fonts/type1/public/amsfont
s/cm/cmsy10.pfb><C:/Users/Marisa Oliveira/AppData/Local/Programs/MiKTeX 2.9/fon
ts/type1/urw/times/utmb8a.pfb><C:/Users/Marisa Oliveira/AppData/Local/Programs/
MiKTeX 2.9/fonts/type1/urw/times/utmbi8a.pfb><C:/Users/Marisa Oliveira/AppData/
Local/Programs/MiKTeX 2.9/fonts/type1/urw/times/utmr8a.pfb><C:/Users/Marisa Oli
veira/AppData/Local/Programs/MiKTeX 2.9/fonts/type1/urw/times/utmr8a.pfb><C:/Us
ers/Marisa Oliveira/AppData/Local/Programs/MiKTeX 2.9/fonts/type1/urw/times/utm
ri8a.pfb>
Output written on MarisaOliveira.pdf (98 pages, 1700519 bytes).
PDF statistics:
 1682 PDF objects out of 1728 (max. 8388607)
 264 named destinations out of 1000 (max. 500000)
 498 words of extra memory for PDF output out of 10000 (max. 10000000)

