\BOOKMARK [0][-]{init.0}{P\341gina de Rosto}{}% 1
\BOOKMARK [0][-]{contents.0}{Conte\372do}{}% 2
\BOOKMARK [0][-]{figures.0}{Lista de Figuras}{}% 3
\BOOKMARK [0][-]{tables.0}{Lista de Tabelas}{}% 4
\BOOKMARK [0][-]{chapter.1}{1 Introdu\347\343o}{}% 5
\BOOKMARK [1][-]{section.1.1}{1.1 Enquadramento Geral}{chapter.1}% 6
\BOOKMARK [1][-]{section.1.2}{1.2 Motiva\347\343o}{chapter.1}% 7
\BOOKMARK [1][-]{section.1.3}{1.3 Objetivos}{chapter.1}% 8
\BOOKMARK [1][-]{section.1.4}{1.4 Estrutura da Disserta\347\343o}{chapter.1}% 9
\BOOKMARK [0][-]{chapter.2}{2 Revis\343o Bibliogr\341fica}{}% 10
\BOOKMARK [1][-]{section.2.1}{2.1 Interfaces de transmiss\343o de video/audio}{chapter.2}% 11
\BOOKMARK [1][-]{section.2.2}{2.2 HDMI \(High Definition Multimedia Interface\)}{chapter.2}% 12
\BOOKMARK [2][-]{subsection.2.2.1}{2.2.1 DDC - Display Data Channel }{section.2.2}% 13
\BOOKMARK [2][-]{subsection.2.2.2}{2.2.2 TMDS - Transition-Minimized Differential Signaling }{section.2.2}% 14
\BOOKMARK [2][-]{subsection.2.2.3}{2.2.3 CEC - Consumer Electronics Control }{section.2.2}% 15
\BOOKMARK [2][-]{subsection.2.2.4}{2.2.4 ARC - Audio Return Channel }{section.2.2}% 16
\BOOKMARK [2][-]{subsection.2.2.5}{2.2.5 HEC - HDMI Ethernet Channel }{section.2.2}% 17
\BOOKMARK [1][-]{section.2.3}{2.3 HDMI implementado sobre a FPGA}{chapter.2}% 18
\BOOKMARK [2][-]{subsection.2.3.1}{2.3.1 Conex\343o \340 FPGA XILINX VC7203 Virtex-7}{section.2.3}% 19
\BOOKMARK [2][-]{subsection.2.3.2}{2.3.2 Transmissor e Recetor}{section.2.3}% 20
\BOOKMARK [0][-]{chapter.3}{3 Cap\355tulo Exemplo}{}% 21
\BOOKMARK [1][-]{section.3.1}{3.1 Introdu\347\343o}{chapter.3}% 22
\BOOKMARK [1][-]{section.3.2}{3.2 Sec\347\343o Exemplo}{chapter.3}% 23
\BOOKMARK [2][-]{subsection.3.2.1}{3.2.1 Exemplo de Figura}{section.3.2}% 24
\BOOKMARK [2][-]{subsection.3.2.2}{3.2.2 Exemplo de Tabela}{section.3.2}% 25
\BOOKMARK [1][-]{section.3.3}{3.3 Sec\347\343o Exemplo}{chapter.3}% 26
\BOOKMARK [1][-]{section.3.4}{3.4 Resumo}{chapter.3}% 27
\BOOKMARK [0][-]{chapter.4}{4 Mais um Cap\355tulo}{}% 28
\BOOKMARK [1][-]{section.4.1}{4.1 Sec\347\343o Exemplo}{chapter.4}% 29
\BOOKMARK [1][-]{section.4.2}{4.2 Mais uma Sec\347\343o}{chapter.4}% 30
\BOOKMARK [1][-]{section.4.3}{4.3 Resumo ou Conclus\365es}{chapter.4}% 31
\BOOKMARK [0][-]{chapter.5}{5 Conclus\365es e Trabalho Futuro}{}% 32
\BOOKMARK [1][-]{section.5.1}{5.1 Satisfa\347\343o dos Objectivos}{chapter.5}% 33
\BOOKMARK [1][-]{section.5.2}{5.2 Trabalho Futuro}{chapter.5}% 34
\BOOKMARK [0][-]{appendix.A}{A Loren Ipsum}{}% 35
\BOOKMARK [1][-]{section.A.1}{A.1 O que \351 o Loren Ipsum?}{appendix.A}% 36
\BOOKMARK [1][-]{section.A.2}{A.2 De onde Vem o Loren?}{appendix.A}% 37
\BOOKMARK [1][-]{section.A.3}{A.3 Porque se usa o Loren?}{appendix.A}% 38
\BOOKMARK [1][-]{section.A.4}{A.4 Onde se Podem Encontrar Exemplos?}{appendix.A}% 39
