This is pdfTeX, Version 3.14159265-2.6-1.40.17 (MiKTeX 2.9.6210 64-bit) (preloaded format=pdflatex 2017.3.29)  29 MAY 2017 17:08
entering extended mode
**./mieec.tex
(mieec.tex
LaTeX2e <2017/01/01> patch level 3
Babel <3.9r> and hyphenation patterns for 75 language(s) loaded.
("C:\Users\Marisa\AppData\Local\Programs\MiKTeX 2.9\tex\latex\base\report.cls"
Document Class: report 2014/09/29 v1.4h Standard LaTeX document class
("C:\Users\Marisa\AppData\Local\Programs\MiKTeX 2.9\tex\latex\base\size11.clo"
File: size11.clo 2014/09/29 v1.4h Standard LaTeX file (size option)
)
\c@part=\count79
\c@chapter=\count80
\c@section=\count81
\c@subsection=\count82
\c@subsubsection=\count83
\c@paragraph=\count84
\c@subparagraph=\count85
\c@figure=\count86
\c@table=\count87
\abovecaptionskip=\skip41
\belowcaptionskip=\skip42
\bibindent=\dimen102
)
("C:\Users\Marisa\AppData\Local\Programs\MiKTeX 2.9\tex\latex\base\inputenc.sty
"
Package: inputenc 2015/03/17 v1.2c Input encoding file
\inpenc@prehook=\toks14
\inpenc@posthook=\toks15
 ("C:\Users\Marisa\AppData\Local\Programs\MiKTeX 2.9\tex\latex\base\utf8.def"
File: utf8.def 2017/01/28 v1.1t UTF-8 support for inputenc
Now handling font encoding OML ...
... no UTF-8 mapping file for font encoding OML
Now handling font encoding T1 ...
... processing UTF-8 mapping file for font encoding T1

("C:\Users\Marisa\AppData\Local\Programs\MiKTeX 2.9\tex\latex\base\t1enc.dfu"
File: t1enc.dfu 2017/01/28 v1.1t UTF-8 support for inputenc
   defining Unicode char U+00A0 (decimal 160)
   defining Unicode char U+00A1 (decimal 161)
   defining Unicode char U+00A3 (decimal 163)
   defining Unicode char U+00AB (decimal 171)
   defining Unicode char U+00AD (decimal 173)
   defining Unicode char U+00BB (decimal 187)
   defining Unicode char U+00BF (decimal 191)
   defining Unicode char U+00C0 (decimal 192)
   defining Unicode char U+00C1 (decimal 193)
   defining Unicode char U+00C2 (decimal 194)
   defining Unicode char U+00C3 (decimal 195)
   defining Unicode char U+00C4 (decimal 196)
   defining Unicode char U+00C5 (decimal 197)
   defining Unicode char U+00C6 (decimal 198)
   defining Unicode char U+00C7 (decimal 199)
   defining Unicode char U+00C8 (decimal 200)
   defining Unicode char U+00C9 (decimal 201)
   defining Unicode char U+00CA (decimal 202)
   defining Unicode char U+00CB (decimal 203)
   defining Unicode char U+00CC (decimal 204)
   defining Unicode char U+00CD (decimal 205)
   defining Unicode char U+00CE (decimal 206)
   defining Unicode char U+00CF (decimal 207)
   defining Unicode char U+00D0 (decimal 208)
   defining Unicode char U+00D1 (decimal 209)
   defining Unicode char U+00D2 (decimal 210)
   defining Unicode char U+00D3 (decimal 211)
   defining Unicode char U+00D4 (decimal 212)
   defining Unicode char U+00D5 (decimal 213)
   defining Unicode char U+00D6 (decimal 214)
   defining Unicode char U+00D8 (decimal 216)
   defining Unicode char U+00D9 (decimal 217)
   defining Unicode char U+00DA (decimal 218)
   defining Unicode char U+00DB (decimal 219)
   defining Unicode char U+00DC (decimal 220)
   defining Unicode char U+00DD (decimal 221)
   defining Unicode char U+00DE (decimal 222)
   defining Unicode char U+00DF (decimal 223)
   defining Unicode char U+00E0 (decimal 224)
   defining Unicode char U+00E1 (decimal 225)
   defining Unicode char U+00E2 (decimal 226)
   defining Unicode char U+00E3 (decimal 227)
   defining Unicode char U+00E4 (decimal 228)
   defining Unicode char U+00E5 (decimal 229)
   defining Unicode char U+00E6 (decimal 230)
   defining Unicode char U+00E7 (decimal 231)
   defining Unicode char U+00E8 (decimal 232)
   defining Unicode char U+00E9 (decimal 233)
   defining Unicode char U+00EA (decimal 234)
   defining Unicode char U+00EB (decimal 235)
   defining Unicode char U+00EC (decimal 236)
   defining Unicode char U+00ED (decimal 237)
   defining Unicode char U+00EE (decimal 238)
   defining Unicode char U+00EF (decimal 239)
   defining Unicode char U+00F0 (decimal 240)
   defining Unicode char U+00F1 (decimal 241)
   defining Unicode char U+00F2 (decimal 242)
   defining Unicode char U+00F3 (decimal 243)
   defining Unicode char U+00F4 (decimal 244)
   defining Unicode char U+00F5 (decimal 245)
   defining Unicode char U+00F6 (decimal 246)
   defining Unicode char U+00F8 (decimal 248)
   defining Unicode char U+00F9 (decimal 249)
   defining Unicode char U+00FA (decimal 250)
   defining Unicode char U+00FB (decimal 251)
   defining Unicode char U+00FC (decimal 252)
   defining Unicode char U+00FD (decimal 253)
   defining Unicode char U+00FE (decimal 254)
   defining Unicode char U+00FF (decimal 255)
   defining Unicode char U+0100 (decimal 256)
   defining Unicode char U+0101 (decimal 257)
   defining Unicode char U+0102 (decimal 258)
   defining Unicode char U+0103 (decimal 259)
   defining Unicode char U+0104 (decimal 260)
   defining Unicode char U+0105 (decimal 261)
   defining Unicode char U+0106 (decimal 262)
   defining Unicode char U+0107 (decimal 263)
   defining Unicode char U+0108 (decimal 264)
   defining Unicode char U+0109 (decimal 265)
   defining Unicode char U+010A (decimal 266)
   defining Unicode char U+010B (decimal 267)
   defining Unicode char U+010C (decimal 268)
   defining Unicode char U+010D (decimal 269)
   defining Unicode char U+010E (decimal 270)
   defining Unicode char U+010F (decimal 271)
   defining Unicode char U+0110 (decimal 272)
   defining Unicode char U+0111 (decimal 273)
   defining Unicode char U+0112 (decimal 274)
   defining Unicode char U+0113 (decimal 275)
   defining Unicode char U+0114 (decimal 276)
   defining Unicode char U+0115 (decimal 277)
   defining Unicode char U+0116 (decimal 278)
   defining Unicode char U+0117 (decimal 279)
   defining Unicode char U+0118 (decimal 280)
   defining Unicode char U+0119 (decimal 281)
   defining Unicode char U+011A (decimal 282)
   defining Unicode char U+011B (decimal 283)
   defining Unicode char U+011C (decimal 284)
   defining Unicode char U+011D (decimal 285)
   defining Unicode char U+011E (decimal 286)
   defining Unicode char U+011F (decimal 287)
   defining Unicode char U+0120 (decimal 288)
   defining Unicode char U+0121 (decimal 289)
   defining Unicode char U+0122 (decimal 290)
   defining Unicode char U+0123 (decimal 291)
   defining Unicode char U+0124 (decimal 292)
   defining Unicode char U+0125 (decimal 293)
   defining Unicode char U+0128 (decimal 296)
   defining Unicode char U+0129 (decimal 297)
   defining Unicode char U+012A (decimal 298)
   defining Unicode char U+012B (decimal 299)
   defining Unicode char U+012C (decimal 300)
   defining Unicode char U+012D (decimal 301)
   defining Unicode char U+012E (decimal 302)
   defining Unicode char U+012F (decimal 303)
   defining Unicode char U+0130 (decimal 304)
   defining Unicode char U+0131 (decimal 305)
   defining Unicode char U+0132 (decimal 306)
   defining Unicode char U+0133 (decimal 307)
   defining Unicode char U+0134 (decimal 308)
   defining Unicode char U+0135 (decimal 309)
   defining Unicode char U+0136 (decimal 310)
   defining Unicode char U+0137 (decimal 311)
   defining Unicode char U+0139 (decimal 313)
   defining Unicode char U+013A (decimal 314)
   defining Unicode char U+013B (decimal 315)
   defining Unicode char U+013C (decimal 316)
   defining Unicode char U+013D (decimal 317)
   defining Unicode char U+013E (decimal 318)
   defining Unicode char U+0141 (decimal 321)
   defining Unicode char U+0142 (decimal 322)
   defining Unicode char U+0143 (decimal 323)
   defining Unicode char U+0144 (decimal 324)
   defining Unicode char U+0145 (decimal 325)
   defining Unicode char U+0146 (decimal 326)
   defining Unicode char U+0147 (decimal 327)
   defining Unicode char U+0148 (decimal 328)
   defining Unicode char U+014A (decimal 330)
   defining Unicode char U+014B (decimal 331)
   defining Unicode char U+014C (decimal 332)
   defining Unicode char U+014D (decimal 333)
   defining Unicode char U+014E (decimal 334)
   defining Unicode char U+014F (decimal 335)
   defining Unicode char U+0150 (decimal 336)
   defining Unicode char U+0151 (decimal 337)
   defining Unicode char U+0152 (decimal 338)
   defining Unicode char U+0153 (decimal 339)
   defining Unicode char U+0154 (decimal 340)
   defining Unicode char U+0155 (decimal 341)
   defining Unicode char U+0156 (decimal 342)
   defining Unicode char U+0157 (decimal 343)
   defining Unicode char U+0158 (decimal 344)
   defining Unicode char U+0159 (decimal 345)
   defining Unicode char U+015A (decimal 346)
   defining Unicode char U+015B (decimal 347)
   defining Unicode char U+015C (decimal 348)
   defining Unicode char U+015D (decimal 349)
   defining Unicode char U+015E (decimal 350)
   defining Unicode char U+015F (decimal 351)
   defining Unicode char U+0160 (decimal 352)
   defining Unicode char U+0161 (decimal 353)
   defining Unicode char U+0162 (decimal 354)
   defining Unicode char U+0163 (decimal 355)
   defining Unicode char U+0164 (decimal 356)
   defining Unicode char U+0165 (decimal 357)
   defining Unicode char U+0168 (decimal 360)
   defining Unicode char U+0169 (decimal 361)
   defining Unicode char U+016A (decimal 362)
   defining Unicode char U+016B (decimal 363)
   defining Unicode char U+016C (decimal 364)
   defining Unicode char U+016D (decimal 365)
   defining Unicode char U+016E (decimal 366)
   defining Unicode char U+016F (decimal 367)
   defining Unicode char U+0170 (decimal 368)
   defining Unicode char U+0171 (decimal 369)
   defining Unicode char U+0172 (decimal 370)
   defining Unicode char U+0173 (decimal 371)
   defining Unicode char U+0174 (decimal 372)
   defining Unicode char U+0175 (decimal 373)
   defining Unicode char U+0176 (decimal 374)
   defining Unicode char U+0177 (decimal 375)
   defining Unicode char U+0178 (decimal 376)
   defining Unicode char U+0179 (decimal 377)
   defining Unicode char U+017A (decimal 378)
   defining Unicode char U+017B (decimal 379)
   defining Unicode char U+017C (decimal 380)
   defining Unicode char U+017D (decimal 381)
   defining Unicode char U+017E (decimal 382)
   defining Unicode char U+01CD (decimal 461)
   defining Unicode char U+01CE (decimal 462)
   defining Unicode char U+01CF (decimal 463)
   defining Unicode char U+01D0 (decimal 464)
   defining Unicode char U+01D1 (decimal 465)
   defining Unicode char U+01D2 (decimal 466)
   defining Unicode char U+01D3 (decimal 467)
   defining Unicode char U+01D4 (decimal 468)
   defining Unicode char U+01E2 (decimal 482)
   defining Unicode char U+01E3 (decimal 483)
   defining Unicode char U+01E6 (decimal 486)
   defining Unicode char U+01E7 (decimal 487)
   defining Unicode char U+01E8 (decimal 488)
   defining Unicode char U+01E9 (decimal 489)
   defining Unicode char U+01EA (decimal 490)
   defining Unicode char U+01EB (decimal 491)
   defining Unicode char U+01F0 (decimal 496)
   defining Unicode char U+01F4 (decimal 500)
   defining Unicode char U+01F5 (decimal 501)
   defining Unicode char U+0218 (decimal 536)
   defining Unicode char U+0219 (decimal 537)
   defining Unicode char U+021A (decimal 538)
   defining Unicode char U+021B (decimal 539)
   defining Unicode char U+0232 (decimal 562)
   defining Unicode char U+0233 (decimal 563)
   defining Unicode char U+1E02 (decimal 7682)
   defining Unicode char U+1E03 (decimal 7683)
   defining Unicode char U+200C (decimal 8204)
   defining Unicode char U+2010 (decimal 8208)
   defining Unicode char U+2011 (decimal 8209)
   defining Unicode char U+2012 (decimal 8210)
   defining Unicode char U+2013 (decimal 8211)
   defining Unicode char U+2014 (decimal 8212)
   defining Unicode char U+2015 (decimal 8213)
   defining Unicode char U+2018 (decimal 8216)
   defining Unicode char U+2019 (decimal 8217)
   defining Unicode char U+201A (decimal 8218)
   defining Unicode char U+201C (decimal 8220)
   defining Unicode char U+201D (decimal 8221)
   defining Unicode char U+201E (decimal 8222)
   defining Unicode char U+2030 (decimal 8240)
   defining Unicode char U+2031 (decimal 8241)
   defining Unicode char U+2039 (decimal 8249)
   defining Unicode char U+203A (decimal 8250)
   defining Unicode char U+2423 (decimal 9251)
   defining Unicode char U+1E20 (decimal 7712)
   defining Unicode char U+1E21 (decimal 7713)
)
Now handling font encoding OT1 ...
... processing UTF-8 mapping file for font encoding OT1

("C:\Users\Marisa\AppData\Local\Programs\MiKTeX 2.9\tex\latex\base\ot1enc.dfu"
File: ot1enc.dfu 2017/01/28 v1.1t UTF-8 support for inputenc
   defining Unicode char U+00A0 (decimal 160)
   defining Unicode char U+00A1 (decimal 161)
   defining Unicode char U+00A3 (decimal 163)
   defining Unicode char U+00AD (decimal 173)
   defining Unicode char U+00B8 (decimal 184)
   defining Unicode char U+00BF (decimal 191)
   defining Unicode char U+00C5 (decimal 197)
   defining Unicode char U+00C6 (decimal 198)
   defining Unicode char U+00D8 (decimal 216)
   defining Unicode char U+00DF (decimal 223)
   defining Unicode char U+00E6 (decimal 230)
   defining Unicode char U+00EC (decimal 236)
   defining Unicode char U+00ED (decimal 237)
   defining Unicode char U+00EE (decimal 238)
   defining Unicode char U+00EF (decimal 239)
   defining Unicode char U+00F8 (decimal 248)
   defining Unicode char U+0131 (decimal 305)
   defining Unicode char U+0141 (decimal 321)
   defining Unicode char U+0142 (decimal 322)
   defining Unicode char U+0152 (decimal 338)
   defining Unicode char U+0153 (decimal 339)
   defining Unicode char U+0174 (decimal 372)
   defining Unicode char U+0175 (decimal 373)
   defining Unicode char U+0176 (decimal 374)
   defining Unicode char U+0177 (decimal 375)
   defining Unicode char U+0218 (decimal 536)
   defining Unicode char U+0219 (decimal 537)
   defining Unicode char U+021A (decimal 538)
   defining Unicode char U+021B (decimal 539)
   defining Unicode char U+2013 (decimal 8211)
   defining Unicode char U+2014 (decimal 8212)
   defining Unicode char U+2018 (decimal 8216)
   defining Unicode char U+2019 (decimal 8217)
   defining Unicode char U+201C (decimal 8220)
   defining Unicode char U+201D (decimal 8221)
)
Now handling font encoding OMS ...
... processing UTF-8 mapping file for font encoding OMS
("C:\Users\Marisa\AppData\Local\Programs\MiKTeX 2.9\tex\latex\base\omsenc.dfu"
File: omsenc.dfu 2017/01/28 v1.1t UTF-8 support for inputenc
   defining Unicode char U+00A7 (decimal 167)
   defining Unicode char U+00B6 (decimal 182)
   defining Unicode char U+00B7 (decimal 183)
   defining Unicode char U+2020 (decimal 8224)
   defining Unicode char U+2021 (decimal 8225)
   defining Unicode char U+2022 (decimal 8226)
)
Now handling font encoding OMX ...
... no UTF-8 mapping file for font encoding OMX
Now handling font encoding U ...
... no UTF-8 mapping file for font encoding U
   defining Unicode char U+00A9 (decimal 169)
   defining Unicode char U+00AA (decimal 170)
   defining Unicode char U+00AE (decimal 174)
   defining Unicode char U+00BA (decimal 186)
   defining Unicode char U+02C6 (decimal 710)
   defining Unicode char U+02DC (decimal 732)
   defining Unicode char U+200C (decimal 8204)
   defining Unicode char U+2026 (decimal 8230)
   defining Unicode char U+2122 (decimal 8482)
   defining Unicode char U+2423 (decimal 9251)
))
("C:\Users\Marisa\AppData\Local\Programs\MiKTeX 2.9\tex\latex\multirow\multirow
.sty"
Package: multirow 2016/11/25 v2.2 Span multiple rows of a table
\multirow@colwidth=\skip43
\multirow@cntb=\count88
\multirow@dima=\skip44
\bigstrutjot=\dimen103
)
("C:\Users\Marisa\AppData\Local\Programs\MiKTeX 2.9\tex\latex\tools\longtable.s
ty"
Package: longtable 2014/10/28 v4.11 Multi-page Table package (DPC)
\LTleft=\skip45
\LTright=\skip46
\LTpre=\skip47
\LTpost=\skip48
\LTchunksize=\count89
\LTcapwidth=\dimen104
\LT@head=\box26
\LT@firsthead=\box27
\LT@foot=\box28
\LT@lastfoot=\box29
\LT@cols=\count90
\LT@rows=\count91
\c@LT@tables=\count92
\c@LT@chunks=\count93
\LT@p@ftn=\toks16
) (feupteses.sty
Package: feupteses 2014/01/24 1.1.1 

Document Style `FEUP Teses' 1.1.1 <2014/01/24>

("C:\Users\Marisa\AppData\Local\Programs\MiKTeX 2.9\tex\generic\oberdiek\ifpdf.
sty"
Package: ifpdf 2017/03/15 v3.2 Provides the ifpdf switch
)
("C:\Users\Marisa\AppData\Local\Programs\MiKTeX 2.9\tex\latex\base\fontenc.sty"
Package: fontenc 2017/02/22 v2.0g Standard LaTeX package
("C:\Users\Marisa\AppData\Local\Programs\MiKTeX 2.9\tex\latex\base\t1enc.def"
File: t1enc.def 2017/02/22 v2.0g Standard LaTeX file
LaTeX Font Info:    Redeclaring font encoding T1 on input line 48.
)) ("C:\Users\Marisa\AppData\Local\Programs\MiKTeX 2.9\tex\generic\babel\babel.
sty"
Package: babel 2016/04/23 3.9r The Babel package

*************************************
* Local config file bblopts.cfg used
*
("C:\Users\Marisa\AppData\Local\Programs\MiKTeX 2.9\tex\latex\arabi\bblopts.cfg
"
File: bblopts.cfg 2005/09/08 v0.1 add Arabic and Farsi to "declared" options of
 babel
)
("C:\Users\Marisa\AppData\Local\Programs\MiKTeX 2.9\tex\latex\babel-portuges\po
rtuges.ldf"
Language: portuges 2008/03/18 v1.2q Portuguese support from the babel system

("C:\Users\Marisa\AppData\Local\Programs\MiKTeX 2.9\tex\generic\babel\babel.def
"
File: babel.def 2016/04/23 3.9r Babel common definitions
\babel@savecnt=\count94
\U@D=\dimen105
)
Package babel Info: Making " an active character on input line 145.
))
("C:\Users\Marisa\AppData\Local\Programs\MiKTeX 2.9\tex\latex\tools\indentfirst
.sty"
Package: indentfirst 1995/11/23 v1.03 Indent first paragraph (DPC)
)
("C:\Users\Marisa\AppData\Local\Programs\MiKTeX 2.9\tex\latex\geometry\geometry
.sty"
Package: geometry 2010/09/12 v5.6 Page Geometry

("C:\Users\Marisa\AppData\Local\Programs\MiKTeX 2.9\tex\latex\graphics\keyval.s
ty"
Package: keyval 2014/10/28 v1.15 key=value parser (DPC)
\KV@toks@=\toks17
)
("C:\Users\Marisa\AppData\Local\Programs\MiKTeX 2.9\tex\generic\oberdiek\ifvtex
.sty"
Package: ifvtex 2016/05/16 v1.6 Detect VTeX and its facilities (HO)
Package ifvtex Info: VTeX not detected.
)
("C:\Users\Marisa\AppData\Local\Programs\MiKTeX 2.9\tex\generic\ifxetex\ifxetex
.sty"
Package: ifxetex 2010/09/12 v0.6 Provides ifxetex conditional
)
\Gm@cnth=\count95
\Gm@cntv=\count96
\c@Gm@tempcnt=\count97
\Gm@bindingoffset=\dimen106
\Gm@wd@mp=\dimen107
\Gm@odd@mp=\dimen108
\Gm@even@mp=\dimen109
\Gm@layoutwidth=\dimen110
\Gm@layoutheight=\dimen111
\Gm@layouthoffset=\dimen112
\Gm@layoutvoffset=\dimen113
\Gm@dimlist=\toks18

("C:\Users\Marisa\AppData\Local\Programs\MiKTeX 2.9\tex\latex\geometry\geometry
.cfg"))
("C:\Users\Marisa\AppData\Local\Programs\MiKTeX 2.9\tex\latex\psnfss\mathptmx.s
ty"
Package: mathptmx 2005/04/12 PSNFSS-v9.2a Times w/ Math, improved (SPQR, WaS) 
LaTeX Font Info:    Redeclaring symbol font `operators' on input line 28.
LaTeX Font Info:    Overwriting symbol font `operators' in version `normal'
(Font)                  OT1/cmr/m/n --> OT1/ztmcm/m/n on input line 28.
LaTeX Font Info:    Overwriting symbol font `operators' in version `bold'
(Font)                  OT1/cmr/bx/n --> OT1/ztmcm/m/n on input line 28.
LaTeX Font Info:    Redeclaring symbol font `letters' on input line 29.
LaTeX Font Info:    Overwriting symbol font `letters' in version `normal'
(Font)                  OML/cmm/m/it --> OML/ztmcm/m/it on input line 29.
LaTeX Font Info:    Overwriting symbol font `letters' in version `bold'
(Font)                  OML/cmm/b/it --> OML/ztmcm/m/it on input line 29.
LaTeX Font Info:    Redeclaring symbol font `symbols' on input line 30.
LaTeX Font Info:    Overwriting symbol font `symbols' in version `normal'
(Font)                  OMS/cmsy/m/n --> OMS/ztmcm/m/n on input line 30.
LaTeX Font Info:    Overwriting symbol font `symbols' in version `bold'
(Font)                  OMS/cmsy/b/n --> OMS/ztmcm/m/n on input line 30.
LaTeX Font Info:    Redeclaring symbol font `largesymbols' on input line 31.
LaTeX Font Info:    Overwriting symbol font `largesymbols' in version `normal'
(Font)                  OMX/cmex/m/n --> OMX/ztmcm/m/n on input line 31.
LaTeX Font Info:    Overwriting symbol font `largesymbols' in version `bold'
(Font)                  OMX/cmex/m/n --> OMX/ztmcm/m/n on input line 31.
\symbold=\mathgroup4
\symitalic=\mathgroup5
LaTeX Font Info:    Redeclaring math alphabet \mathbf on input line 34.
LaTeX Font Info:    Overwriting math alphabet `\mathbf' in version `normal'
(Font)                  OT1/cmr/bx/n --> OT1/ptm/bx/n on input line 34.
LaTeX Font Info:    Overwriting math alphabet `\mathbf' in version `bold'
(Font)                  OT1/cmr/bx/n --> OT1/ptm/bx/n on input line 34.
LaTeX Font Info:    Redeclaring math alphabet \mathit on input line 35.
LaTeX Font Info:    Overwriting math alphabet `\mathit' in version `normal'
(Font)                  OT1/cmr/m/it --> OT1/ptm/m/it on input line 35.
LaTeX Font Info:    Overwriting math alphabet `\mathit' in version `bold'
(Font)                  OT1/cmr/bx/it --> OT1/ptm/m/it on input line 35.
LaTeX Info: Redefining \hbar on input line 50.
)
("C:\Users\Marisa\AppData\Local\Programs\MiKTeX 2.9\tex\latex\courier-scaled\co
uriers.sty"
Package: couriers 2004/07/10 Scaled Courier (HS) 
)
("C:\Users\Marisa\AppData\Local\Programs\MiKTeX 2.9\tex\latex\psnfss\helvet.sty
"
Package: helvet 2005/04/12 PSNFSS-v9.2a (WaS) 
)
("C:\Users\Marisa\AppData\Local\Programs\MiKTeX 2.9\tex\latex\graphics\graphicx
.sty"
Package: graphicx 2014/10/28 v1.0g Enhanced LaTeX Graphics (DPC,SPQR)

("C:\Users\Marisa\AppData\Local\Programs\MiKTeX 2.9\tex\latex\graphics\graphics
.sty"
Package: graphics 2016/10/09 v1.0u Standard LaTeX Graphics (DPC,SPQR)

("C:\Users\Marisa\AppData\Local\Programs\MiKTeX 2.9\tex\latex\graphics\trig.sty
"
Package: trig 2016/01/03 v1.10 sin cos tan (DPC)
)
("C:\Users\Marisa\AppData\Local\Programs\MiKTeX 2.9\tex\latex\graphics-cfg\grap
hics.cfg"
File: graphics.cfg 2016/06/04 v1.11 sample graphics configuration
)
Package graphics Info: Driver file: pdftex.def on input line 99.

("C:\Users\Marisa\AppData\Local\Programs\MiKTeX 2.9\tex\latex\graphics-def\pdft
ex.def"
File: pdftex.def 2017/01/12 v0.06k Graphics/color for pdfTeX

("C:\Users\Marisa\AppData\Local\Programs\MiKTeX 2.9\tex\generic\oberdiek\infwar
err.sty"
Package: infwarerr 2016/05/16 v1.4 Providing info/warning/error messages (HO)
)
("C:\Users\Marisa\AppData\Local\Programs\MiKTeX 2.9\tex\generic\oberdiek\ltxcmd
s.sty"
Package: ltxcmds 2016/05/16 v1.23 LaTeX kernel commands for general use (HO)
)
\Gread@gobject=\count98
))
\Gin@req@height=\dimen114
\Gin@req@width=\dimen115
)
("C:\Users\Marisa\AppData\Local\Programs\MiKTeX 2.9\tex\latex\url\url.sty"
\Urlmuskip=\muskip10
Package: url 2013/09/16  ver 3.4  Verb mode for urls, etc.
)
("C:\Users\Marisa\AppData\Local\Programs\MiKTeX 2.9\tex\latex\setspace\setspace
.sty"
Package: setspace 2011/12/19 v6.7a set line spacing
)
("C:\Users\Marisa\AppData\Local\Programs\MiKTeX 2.9\tex\latex\base\makeidx.sty"
Package: makeidx 2014/09/29 v1.0m Standard LaTeX package
)
("C:\Users\Marisa\AppData\Local\Programs\MiKTeX 2.9\tex\latex\caption\caption.s
ty"
Package: caption 2016/02/21 v3.3-144 Customizing captions (AR)

("C:\Users\Marisa\AppData\Local\Programs\MiKTeX 2.9\tex\latex\caption\caption3.
sty"
Package: caption3 2016/05/22 v1.7-166 caption3 kernel (AR)
Package caption3 Info: TeX engine: e-TeX on input line 67.
\captionmargin=\dimen116
\captionmargin@=\dimen117
\captionwidth=\dimen118
\caption@tempdima=\dimen119
\caption@indent=\dimen120
\caption@parindent=\dimen121
\caption@hangindent=\dimen122
)
\c@ContinuedFloat=\count99
Package caption Info: longtable package is loaded.

("C:\Users\Marisa\AppData\Local\Programs\MiKTeX 2.9\tex\latex\caption\ltcaption
.sty"
Package: ltcaption 2013/06/09 v1.4-94 longtable captions (AR)
))
("C:\Users\Marisa\AppData\Local\Programs\MiKTeX 2.9\tex\latex\lineno\lineno.sty
"
Package: lineno 2005/11/02 line numbers on paragraphs v4.41
\linenopenalty=\count100
\output=\toks19
\linenoprevgraf=\count101
\linenumbersep=\dimen123
\linenumberwidth=\dimen124
\c@linenumber=\count102
\c@pagewiselinenumber=\count103
\c@LN@truepage=\count104
\c@internallinenumber=\count105
\c@internallinenumbers=\count106
\quotelinenumbersep=\dimen125
\bframerule=\dimen126
\bframesep=\dimen127
\bframebox=\box30
LaTeX Info: Redefining \\ on input line 3056.
)
\@vivatext=\box31
\@supervisorstext=\box32

("C:\Users\Marisa\AppData\Local\Programs\MiKTeX 2.9\tex\latex\fancyhdr\fancyhdr
.sty"
Package: fancyhdr 2016/09/06 3.8 Extensive control of page headers and footers
\fancy@headwidth=\skip49
\f@ncyO@elh=\skip50
\f@ncyO@erh=\skip51
\f@ncyO@olh=\skip52
\f@ncyO@orh=\skip53
\f@ncyO@elf=\skip54
\f@ncyO@erf=\skip55
\f@ncyO@olf=\skip56
\f@ncyO@orf=\skip57
)
("C:\Users\Marisa\AppData\Local\Programs\MiKTeX 2.9\tex\latex\hyperref\hyperref
.sty"
Package: hyperref 2017/03/14 v6.85a Hypertext links for LaTeX

("C:\Users\Marisa\AppData\Local\Programs\MiKTeX 2.9\tex\generic\oberdiek\hobsub
-hyperref.sty"
Package: hobsub-hyperref 2016/05/16 v1.14 Bundle oberdiek, subset hyperref (HO)


("C:\Users\Marisa\AppData\Local\Programs\MiKTeX 2.9\tex\generic\oberdiek\hobsub
-generic.sty"
Package: hobsub-generic 2016/05/16 v1.14 Bundle oberdiek, subset generic (HO)
Package: hobsub 2016/05/16 v1.14 Construct package bundles (HO)
Package hobsub Info: Skipping package `infwarerr' (already loaded).
Package hobsub Info: Skipping package `ltxcmds' (already loaded).
Package: ifluatex 2016/05/16 v1.4 Provides the ifluatex switch (HO)
Package ifluatex Info: LuaTeX not detected.
Package hobsub Info: Skipping package `ifvtex' (already loaded).
Package: intcalc 2016/05/16 v1.2 Expandable calculations with integers (HO)
Package hobsub Info: Skipping package `ifpdf' (already loaded).
Package: etexcmds 2016/05/16 v1.6 Avoid name clashes with e-TeX commands (HO)
Package etexcmds Info: Could not find \expanded.
(etexcmds)             That can mean that you are not using pdfTeX 1.50 or
(etexcmds)             that some package has redefined \expanded.
(etexcmds)             In the latter case, load this package earlier.
Package: kvsetkeys 2016/05/16 v1.17 Key value parser (HO)
Package: kvdefinekeys 2016/05/16 v1.4 Define keys (HO)
Package: pdftexcmds 2017/03/19 v0.25 Utility functions of pdfTeX for LuaTeX (HO
)
Package pdftexcmds Info: LuaTeX not detected.
Package pdftexcmds Info: \pdf@primitive is available.
Package pdftexcmds Info: \pdf@ifprimitive is available.
Package pdftexcmds Info: \pdfdraftmode found.
Package: pdfescape 2016/05/16 v1.14 Implements pdfTeX's escape features (HO)
Package: bigintcalc 2016/05/16 v1.4 Expandable calculations on big integers (HO
)
Package: bitset 2016/05/16 v1.2 Handle bit-vector datatype (HO)
Package: uniquecounter 2016/05/16 v1.3 Provide unlimited unique counter (HO)
)
Package hobsub Info: Skipping package `hobsub' (already loaded).
Package: letltxmacro 2016/05/16 v1.5 Let assignment for LaTeX macros (HO)
Package: hopatch 2016/05/16 v1.3 Wrapper for package hooks (HO)
Package: xcolor-patch 2016/05/16 xcolor patch
Package: atveryend 2016/05/16 v1.9 Hooks at the very end of document (HO)
Package atveryend Info: \enddocument detected (standard20110627).
Package: atbegshi 2016/06/09 v1.18 At begin shipout hook (HO)
Package: refcount 2016/05/16 v3.5 Data extraction from label references (HO)
Package: hycolor 2016/05/16 v1.8 Color options for hyperref/bookmark (HO)
)
("C:\Users\Marisa\AppData\Local\Programs\MiKTeX 2.9\tex\latex\oberdiek\auxhook.
sty"
Package: auxhook 2016/05/16 v1.4 Hooks for auxiliary files (HO)
)
("C:\Users\Marisa\AppData\Local\Programs\MiKTeX 2.9\tex\latex\oberdiek\kvoption
s.sty"
Package: kvoptions 2016/05/16 v3.12 Key value format for package options (HO)
)
\@linkdim=\dimen128
\Hy@linkcounter=\count107
\Hy@pagecounter=\count108

("C:\Users\Marisa\AppData\Local\Programs\MiKTeX 2.9\tex\latex\hyperref\pd1enc.d
ef"
File: pd1enc.def 2017/03/14 v6.85a Hyperref: PDFDocEncoding definition (HO)
Now handling font encoding PD1 ...
... no UTF-8 mapping file for font encoding PD1
)
\Hy@SavedSpaceFactor=\count109

("C:\Users\Marisa\AppData\Local\Programs\MiKTeX 2.9\tex\latex\00miktex\hyperref
.cfg"
File: hyperref.cfg 2002/06/06 v1.2 hyperref configuration of TeXLive
)
Package hyperref Info: Option `pdfpagelabels' set `true' on input line 4374.
Package hyperref Info: Option `bookmarks' set `true' on input line 4374.
Package hyperref Info: Option `hyperindex' set `true' on input line 4374.
Package hyperref Info: Option `hyperfigures' set `true' on input line 4374.
Package hyperref Info: Hyper figures ON on input line 4496.
Package hyperref Info: Link nesting OFF on input line 4503.
Package hyperref Info: Hyper index ON on input line 4506.
Package hyperref Info: Plain pages OFF on input line 4513.
Package hyperref Info: Backreferencing OFF on input line 4518.
Package hyperref Info: Implicit mode ON; LaTeX internals redefined.
Package hyperref Info: Bookmarks ON on input line 4751.
\c@Hy@tempcnt=\count110
LaTeX Info: Redefining \url on input line 5104.
\XeTeXLinkMargin=\dimen129
\Fld@menulength=\count111
\Field@Width=\dimen130
\Fld@charsize=\dimen131
Package hyperref Info: Hyper figures ON on input line 6356.
Package hyperref Info: Link nesting OFF on input line 6363.
Package hyperref Info: Hyper index ON on input line 6366.
Package hyperref Info: backreferencing OFF on input line 6373.
Package hyperref Info: Link coloring OFF on input line 6378.
Package hyperref Info: Link coloring with OCG OFF on input line 6383.
Package hyperref Info: PDF/A mode OFF on input line 6388.
LaTeX Info: Redefining \ref on input line 6428.
LaTeX Info: Redefining \pageref on input line 6432.
\Hy@abspage=\count112
\c@Item=\count113
\c@Hfootnote=\count114
)

Package hyperref Message: Driver: hpdftex.


("C:\Users\Marisa\AppData\Local\Programs\MiKTeX 2.9\tex\latex\hyperref\hpdftex.
def"
File: hpdftex.def 2017/03/14 v6.85a Hyperref driver for pdfTeX
\Fld@listcount=\count115
\c@bookmark@seq@number=\count116

("C:\Users\Marisa\AppData\Local\Programs\MiKTeX 2.9\tex\latex\oberdiek\rerunfil
echeck.sty"
Package: rerunfilecheck 2016/05/16 v1.8 Rerun checks for auxiliary files (HO)
Package uniquecounter Info: New unique counter `rerunfilecheck' on input line 2
82.
)
\Hy@SectionHShift=\skip58
)
Package hyperref Info: Option `plainpages' set `false' on input line 497.
Package hyperref Info: Option `bookmarksopen' set `false' on input line 497.
Package hyperref Info: Option `bookmarksnumbered' set `true' on input line 497.

Package hyperref Info: Option `breaklinks' set `true' on input line 497.
Package hyperref Info: Option `linktocpage' set `true' on input line 497.
Package hyperref Info: Option `colorlinks' set `true' on input line 497.
)
("C:\Users\Marisa\AppData\Local\Programs\MiKTeX 2.9\tex\latex\oberdiek\epstopdf
.sty"
Package: epstopdf 2016/05/15 v2.6 Conversion with epstopdf on the fly (HO)

("C:\Users\Marisa\AppData\Local\Programs\MiKTeX 2.9\tex\latex\oberdiek\epstopdf
-base.sty"
Package: epstopdf-base 2016/05/15 v2.6 Base part for package epstopdf

("C:\Users\Marisa\AppData\Local\Programs\MiKTeX 2.9\tex\latex\oberdiek\grfext.s
ty"
Package: grfext 2016/05/16 v1.2 Manage graphics extensions (HO)
)
Package epstopdf-base Info: Redefining graphics rule for `.eps' on input line 4
38.
Package grfext Info: Graphics extension search list:
(grfext)             [.png,.pdf,.jpg,.mps,.jpeg,.jbig2,.jb2,.PNG,.PDF,.JPG,.JPE
G,.JBIG2,.JB2,.eps]
(grfext)             \AppendGraphicsExtensions on input line 456.
))
\@input{mymacros.aux}
\openout2 = `mymacros.aux'.

(mymacros.tex) (mieec.aux (abstract.aux) (acknows.aux) (quote.aux) (abbrevs.aux
) (chapter1.aux

LaTeX Warning: Label `sec:struct' multiply defined.

) (chapter2.aux

LaTeX Warning: Label `subsubsec:RX' multiply defined.

) (chapter3.aux) (chapter4.aux) (chapter5.aux) (appendix1.aux))
\openout1 = `mieec.aux'.

LaTeX Font Info:    Checking defaults for OML/cmm/m/it on input line 57.
LaTeX Font Info:    ... okay on input line 57.
LaTeX Font Info:    Checking defaults for T1/cmr/m/n on input line 57.
LaTeX Font Info:    ... okay on input line 57.
LaTeX Font Info:    Checking defaults for OT1/cmr/m/n on input line 57.
LaTeX Font Info:    ... okay on input line 57.
LaTeX Font Info:    Checking defaults for OMS/cmsy/m/n on input line 57.
LaTeX Font Info:    ... okay on input line 57.
LaTeX Font Info:    Checking defaults for OMX/cmex/m/n on input line 57.
LaTeX Font Info:    ... okay on input line 57.
LaTeX Font Info:    Checking defaults for U/cmr/m/n on input line 57.
LaTeX Font Info:    ... okay on input line 57.
LaTeX Font Info:    Checking defaults for PD1/pdf/m/n on input line 57.
LaTeX Font Info:    ... okay on input line 57.
LaTeX Font Info:    Try loading font information for T1+ptm on input line 57.

("C:\Users\Marisa\AppData\Local\Programs\MiKTeX 2.9\tex\latex\psnfss\t1ptm.fd"
File: t1ptm.fd 2001/06/04 font definitions for T1/ptm.
)
*geometry* driver: auto-detecting
*geometry* detected driver: pdftex
*geometry* verbose mode - [ preamble ] result:
* driver: pdftex
* paper: a4paper
* layout: <same size as paper>
* layoutoffset:(h,v)=(0.0pt,0.0pt)
* modes: includehead includefoot twoside 
* h-part:(L,W,R)=(99.58464pt, 426.79135pt, 71.13188pt)
* v-part:(T,H,B)=(56.9055pt, 731.23584pt, 56.9055pt)
* \paperwidth=597.50787pt
* \paperheight=845.04684pt
* \textwidth=426.79135pt
* \textheight=661.23584pt
* \oddsidemargin=27.31465pt
* \evensidemargin=-1.1381pt
* \topmargin=-15.36449pt
* \headheight=15.5pt
* \headsep=25.0pt
* \topskip=11.0pt
* \footskip=30.0pt
* \marginparwidth=103.0pt
* \marginparsep=10.0pt
* \columnsep=10.0pt
* \skip\footins=10.0pt plus 4.0pt minus 2.0pt
* \hoffset=0.0pt
* \voffset=0.0pt
* \mag=1000
* \@twocolumnfalse
* \@twosidetrue
* \@mparswitchtrue
* \@reversemarginfalse
* (1in=72.27pt=25.4mm, 1cm=28.453pt)

\big@size=\dimen132

("C:\Users\Marisa\AppData\Local\Programs\MiKTeX 2.9\tex\context\base\supp-pdf.m
kii"
[Loading MPS to PDF converter (version 2006.09.02).]
\scratchcounter=\count117
\scratchdimen=\dimen133
\scratchbox=\box33
\nofMPsegments=\count118
\nofMParguments=\count119
\everyMPshowfont=\toks20
\MPscratchCnt=\count120
\MPscratchDim=\dimen134
\MPnumerator=\count121
\makeMPintoPDFobject=\count122
\everyMPtoPDFconversion=\toks21
)
Package caption Info: Begin \AtBeginDocument code.
Package caption Info: hyperref package is loaded.
Package caption Info: End \AtBeginDocument code.
\AtBeginShipoutBox=\box34

("C:\Users\Marisa\AppData\Local\Programs\MiKTeX 2.9\tex\latex\graphics\color.st
y"
Package: color 2016/07/10 v1.1e Standard LaTeX Color (DPC)

("C:\Users\Marisa\AppData\Local\Programs\MiKTeX 2.9\tex\latex\graphics-cfg\colo
r.cfg"
File: color.cfg 2016/01/02 v1.6 sample color configuration
)
Package color Info: Driver file: pdftex.def on input line 147.
)
Package hyperref Info: Link coloring ON on input line 57.

("C:\Users\Marisa\AppData\Local\Programs\MiKTeX 2.9\tex\latex\hyperref\nameref.
sty"
Package: nameref 2016/05/21 v2.44 Cross-referencing by name of section

("C:\Users\Marisa\AppData\Local\Programs\MiKTeX 2.9\tex\generic\oberdiek\gettit
lestring.sty"
Package: gettitlestring 2016/05/16 v1.5 Cleanup title references (HO)
)
\c@section@level=\count123
)
LaTeX Info: Redefining \ref on input line 57.
LaTeX Info: Redefining \pageref on input line 57.
LaTeX Info: Redefining \nameref on input line 57.
 (mieec.out) (mieec.out)
\@outlinefile=\write3
\openout3 = `mieec.out'.

Package babel Info: Redefining portuges shorthand "|
(babel)             in language  on input line 57.
\@crestbox=\box35
LaTeX Font Info:    Font shape `T1/ptm/bx/n' in size <14.4> not available
(Font)              Font shape `T1/ptm/b/n' tried instead on input line 96.
LaTeX Font Info:    Font shape `T1/ptm/bx/sc' in size <14.4> not available
(Font)              Font shape `T1/ptm/b/sc' tried instead on input line 96.

<figures/uporto-feup.pdf, id=135, 338.26375pt x 126.4725pt>
File: figures/uporto-feup.pdf Graphic file (type pdf)

<use figures/uporto-feup.pdf>
Package pdftex.def Info: figures/uporto-feup.pdf used on input line 96.
(pdftex.def)             Requested size: 204.85983pt x 76.59618pt.
LaTeX Font Info:    Font shape `T1/ptm/bx/n' in size <24.88> not available
(Font)              Font shape `T1/ptm/b/n' tried instead on input line 96.
Package babel Info: Redefining portuges shorthand "|
(babel)             in language  on input line 96.
Package babel Info: Redefining portuges shorthand "|
(babel)             in language  on input line 96.
 [-3




{C:/Users/Marisa/AppData/Local/MiKTeX/2.9/pdftex/config/pdftex.map} <./figures/
uporto-feup.pdf>]
LaTeX Font Info:    Try loading font information for OMS+ptm on input line 96.

("C:\Users\Marisa\AppData\Local\Programs\MiKTeX 2.9\tex\latex\psnfss\omsptm.fd"
File: omsptm.fd 
)
LaTeX Font Info:    Font shape `OMS/ptm/m/n' in size <10.95> not available
(Font)              Font shape `OMS/cmsy/m/n' tried instead on input line 96.
Package babel Info: Redefining portuges shorthand "|
(babel)             in language  on input line 96.
Package babel Info: Redefining portuges shorthand "|
(babel)             in language  on input line 96.
 [-2

]
\openout2 = `abstract.aux'.

 (abstract.tex
Package babel Info: Redefining portuges shorthand "|
(babel)             in language  on input line 14.
Package babel Info: Redefining portuges shorthand "|
(babel)             in language  on input line 14.
 [1




]
Package babel Info: Redefining portuges shorthand "|
(babel)             in language  on input line 14.
Package babel Info: Redefining portuges shorthand "|
(babel)             in language  on input line 14.
 [2

])
Package babel Info: Redefining portuges shorthand "|
(babel)             in language  on input line 97.
Package babel Info: Redefining portuges shorthand "|
(babel)             in language  on input line 97.
 [3]
\openout2 = `acknows.aux'.

 (acknows.tex
Package babel Info: Redefining portuges shorthand "|
(babel)             in language  on input line 1.
Package babel Info: Redefining portuges shorthand "|
(babel)             in language  on input line 1.
 [4



])
Package babel Info: Redefining portuges shorthand "|
(babel)             in language  on input line 98.
Package babel Info: Redefining portuges shorthand "|
(babel)             in language  on input line 98.
 [5]
\openout2 = `quote.aux'.

 (quote.tex
Package babel Info: Redefining portuges shorthand "|
(babel)             in language  on input line 1.
Package babel Info: Redefining portuges shorthand "|
(babel)             in language  on input line 1.
 [6



])
Package babel Info: Redefining portuges shorthand "|
(babel)             in language  on input line 99.
Package babel Info: Redefining portuges shorthand "|
(babel)             in language  on input line 99.

[7]
Package babel Info: Redefining portuges shorthand "|
(babel)             in language  on input line 100.
Package babel Info: Redefining portuges shorthand "|
(babel)             in language  on input line 100.
 [8


]
Package babel Info: Redefining portuges shorthand "|
(babel)             in language  on input line 101.
 (mieec.toc
LaTeX Font Info:    Font shape `T1/ptm/bx/n' in size <10.95> not available
(Font)              Font shape `T1/ptm/b/n' tried instead on input line 2.
LaTeX Font Info:    Try loading font information for OT1+ztmcm on input line 3.


("C:\Users\Marisa\AppData\Local\Programs\MiKTeX 2.9\tex\latex\psnfss\ot1ztmcm.f
d"
File: ot1ztmcm.fd 2000/01/03 Fontinst v1.801 font definitions for OT1/ztmcm.
)
LaTeX Font Info:    Try loading font information for OML+ztmcm on input line 3.


("C:\Users\Marisa\AppData\Local\Programs\MiKTeX 2.9\tex\latex\psnfss\omlztmcm.f
d"
File: omlztmcm.fd 2000/01/03 Fontinst v1.801 font definitions for OML/ztmcm.
)
LaTeX Font Info:    Try loading font information for OMS+ztmcm on input line 3.


("C:\Users\Marisa\AppData\Local\Programs\MiKTeX 2.9\tex\latex\psnfss\omsztmcm.f
d"
File: omsztmcm.fd 2000/01/03 Fontinst v1.801 font definitions for OMS/ztmcm.
)
LaTeX Font Info:    Try loading font information for OMX+ztmcm on input line 3.


("C:\Users\Marisa\AppData\Local\Programs\MiKTeX 2.9\tex\latex\psnfss\omxztmcm.f
d"
File: omxztmcm.fd 2000/01/03 Fontinst v1.801 font definitions for OMX/ztmcm.
)
LaTeX Font Info:    Try loading font information for OT1+ptm on input line 3.

("C:\Users\Marisa\AppData\Local\Programs\MiKTeX 2.9\tex\latex\psnfss\ot1ptm.fd"
File: ot1ptm.fd 2001/06/04 font definitions for OT1/ptm.
)
LaTeX Font Info:    Font shape `OT1/ptm/bx/n' in size <10.95> not available
(Font)              Font shape `OT1/ptm/b/n' tried instead on input line 3.
LaTeX Font Info:    Font shape `OT1/ptm/bx/n' in size <8> not available
(Font)              Font shape `OT1/ptm/b/n' tried instead on input line 3.
LaTeX Font Info:    Font shape `OT1/ptm/bx/n' in size <6> not available
(Font)              Font shape `OT1/ptm/b/n' tried instead on input line 3.
)
\tf@toc=\write4
\openout4 = `mieec.toc'.

Package babel Info: Redefining portuges shorthand "|
(babel)             in language  on input line 103.
Package babel Info: Redefining portuges shorthand "|
(babel)             in language  on input line 103.
 [9

]
Package babel Info: Redefining portuges shorthand "|
(babel)             in language  on input line 103.
Package babel Info: Redefining portuges shorthand "|
(babel)             in language  on input line 103.
 [10

]
Package babel Info: Redefining portuges shorthand "|
(babel)             in language  on input line 104.
 (mieec.lof)
\tf@lof=\write5
\openout5 = `mieec.lof'.

Package babel Info: Redefining portuges shorthand "|
(babel)             in language  on input line 106.
Package babel Info: Redefining portuges shorthand "|
(babel)             in language  on input line 106.
 [11

]
Package babel Info: Redefining portuges shorthand "|
(babel)             in language  on input line 106.
Package babel Info: Redefining portuges shorthand "|
(babel)             in language  on input line 106.
 [12

]
Package babel Info: Redefining portuges shorthand "|
(babel)             in language  on input line 107.
 (mieec.lot)
\tf@lot=\write6
\openout6 = `mieec.lot'.

Package babel Info: Redefining portuges shorthand "|
(babel)             in language  on input line 109.
Package babel Info: Redefining portuges shorthand "|
(babel)             in language  on input line 109.
 [13

]
\openout2 = `abbrevs.aux'.

 (abbrevs.tex
Package babel Info: Redefining portuges shorthand "|
(babel)             in language  on input line 1.
Package babel Info: Redefining portuges shorthand "|
(babel)             in language  on input line 1.
 [14


])
Package babel Info: Redefining portuges shorthand "|
(babel)             in language  on input line 109.
Package babel Info: Redefining portuges shorthand "|
(babel)             in language  on input line 109.
 [15]
Package babel Info: Redefining portuges shorthand "|
(babel)             in language  on input line 116.
Package babel Info: Redefining portuges shorthand "|
(babel)             in language  on input line 116.

[16


]
\openout2 = `chapter1.aux'.

 (chapter1.tex
Cap\'{\i }tulo 1.
Package babel Info: Redefining portuges shorthand "|
(babel)             in language  on input line 1.
LaTeX Font Info:    Font shape `T1/ptm/bx/n' in size <20.74> not available
(Font)              Font shape `T1/ptm/b/n' tried instead on input line 1.
Package babel Info: Redefining portuges shorthand "|
(babel)             in language  on input line 6.
Package babel Info: Redefining portuges shorthand "|
(babel)             in language  on input line 12.
Package babel Info: Redefining portuges shorthand "|
(babel)             in language  on input line 12.
[1


]
Package babel Info: Redefining portuges shorthand "|
(babel)             in language  on input line 18.
Package babel Info: Redefining portuges shorthand "|
(babel)             in language  on input line 23.
Package babel Info: Redefining portuges shorthand "|
(babel)             in language  on input line 23.
 [2]
Package babel Info: Redefining portuges shorthand "|
(babel)             in language  on input line 33.
Package babel Info: Redefining portuges shorthand "|
(babel)             in language  on input line 33.
 [3]
Package babel Info: Redefining portuges shorthand "|
(babel)             in language  on input line 36.
Package babel Info: Redefining portuges shorthand "|
(babel)             in language  on input line 41.


LaTeX Warning: Reference `chap:sota' on page 4 undefined on input line 46.


LaTeX Warning: Reference `chap:chap4' on page 4 undefined on input line 50.

)
Package babel Info: Redefining portuges shorthand "|
(babel)             in language  on input line 119.
Package babel Info: Redefining portuges shorthand "|
(babel)             in language  on input line 119.
 [4]
\openout2 = `chapter2.aux'.

 (chapter2.tex
Cap\'{\i }tulo 2.
Package babel Info: Redefining portuges shorthand "|
(babel)             in language  on input line 1.
Package babel Info: Redefining portuges shorthand "|
(babel)             in language  on input line 5.
LaTeX Font Info:    Font shape `T1/ptm/bx/it' in size <10.95> not available
(Font)              Font shape `T1/ptm/b/it' tried instead on input line 11.
Package babel Info: Redefining portuges shorthand "|
(babel)             in language  on input line 13.
Package babel Info: Redefining portuges shorthand "|
(babel)             in language  on input line 13.
[5



]
LaTeX Font Info:    Font shape `T1/ptm/bx/it' in size <14.4> not available
(Font)              Font shape `T1/ptm/b/it' tried instead on input line 16.
Package babel Info: Redefining portuges shorthand "|
(babel)             in language  on input line 16.
LaTeX Font Info:    Font shape `T1/ptm/bx/n' in size <12> not available
(Font)              Font shape `T1/ptm/b/n' tried instead on input line 20.
LaTeX Font Info:    Font shape `T1/ptm/bx/it' in size <12> not available
(Font)              Font shape `T1/ptm/b/it' tried instead on input line 20.
Package babel Info: Redefining portuges shorthand "|
(babel)             in language  on input line 20.
Package babel Info: Redefining portuges shorthand "|
(babel)             in language  on input line 23.
Package babel Info: Redefining portuges shorthand "|
(babel)             in language  on input line 30.
Package babel Info: Redefining portuges shorthand "|
(babel)             in language  on input line 32.
Package babel Info: Redefining portuges shorthand "|
(babel)             in language  on input line 32.
 [6]
Package babel Info: Redefining portuges shorthand "|
(babel)             in language  on input line 33.
Package babel Info: Redefining portuges shorthand "|
(babel)             in language  on input line 36.
Package babel Info: Redefining portuges shorthand "|
(babel)             in language  on input line 41.
Package babel Info: Redefining portuges shorthand "|
(babel)             in language  on input line 46.
Package babel Info: Redefining portuges shorthand "|
(babel)             in language  on input line 48.
Package babel Info: Redefining portuges shorthand "|
(babel)             in language  on input line 48.
 [7] <figures/FPGA.jpg, id=406, 408.02437pt x 271.76532pt>
File: figures/FPGA.jpg Graphic file (type jpg)

<use figures/FPGA.jpg>
Package pdftex.def Info: figures/FPGA.jpg used on input line 52.
(pdftex.def)             Requested size: 367.04082pt x 244.4787pt.
Package babel Info: Redefining portuges shorthand "|
(babel)             in language  on input line 75.
Package babel Info: Redefining portuges shorthand "|
(babel)             in language  on input line 75.
 [8 <./figures/FPGA.jpg>]
Package babel Info: Redefining portuges shorthand "|
(babel)             in language  on input line 93.

<figures/HDMIrx.jpg, id=415, 389.95688pt x 338.76563pt>
File: figures/HDMIrx.jpg Graphic file (type jpg)

<use figures/HDMIrx.jpg>
Package pdftex.def Info: figures/HDMIrx.jpg used on input line 100.
(pdftex.def)             Requested size: 298.75264pt x 259.54253pt.


LaTeX Warning: `!h' float specifier changed to `!ht'.


Overfull \hbox (8.44142pt too wide) in paragraph at lines 116--140
 [][] 
 []


LaTeX Warning: `!h' float specifier changed to `!ht'.

Package babel Info: Redefining portuges shorthand "|
(babel)             in language  on input line 145.
Package babel Info: Redefining portuges shorthand "|
(babel)             in language  on input line 145.
[9]

LaTeX Warning: Text page 10 contains only floats.

Package babel Info: Redefining portuges shorthand "|
(babel)             in language  on input line 145.
Package babel Info: Redefining portuges shorthand "|
(babel)             in language  on input line 145.
[10 <./figures/HDMIrx.jpg>]
<figures/amostragemRX.jpg, id=435, 292.09125pt x 93.34875pt>
File: figures/amostragemRX.jpg Graphic file (type jpg)

<use figures/amostragemRX.jpg>
Package pdftex.def Info: figures/amostragemRX.jpg used on input line 151.
(pdftex.def)             Requested size: 298.75264pt x 95.48651pt.
 <figures/rx.png, id=440, 457.71pt x 198.7425pt>
File: figures/rx.png Graphic file (type png)

<use figures/rx.png>
Package pdftex.def Info: figures/rx.png used on input line 163.
(pdftex.def)             Requested size: 426.79135pt x 185.3229pt.
 <figures/HDMItx.jpg, id=446, 392.96812pt x 272.51813pt>
File: figures/HDMItx.jpg Graphic file (type jpg)

<use figures/HDMItx.jpg>
Package pdftex.def Info: figures/HDMItx.jpg used on input line 174.
(pdftex.def)             Requested size: 298.75264pt x 207.19493pt.


LaTeX Warning: `!h' float specifier changed to `!ht'.


Overfull \hbox (13.23796pt too wide) in paragraph at lines 185--209
 [][] 
 []

Package babel Info: Redefining portuges shorthand "|
(babel)             in language  on input line 211.
Package babel Info: Redefining portuges shorthand "|
(babel)             in language  on input line 211.
[11 <./figures/amostragemRX.jpg> <./figures/rx.png>]
Underfull \vbox (badness 4621) has occurred while \output is active []

Package babel Info: Redefining portuges shorthand "|
(babel)             in language  on input line 215.
Package babel Info: Redefining portuges shorthand "|
(babel)             in language  on input line 215.
 [12 <./figures/HDMItx.jpg>] <figures/amostragemTX.jpg, id=468, 374.14781pt x 1
30.98938pt>
File: figures/amostragemTX.jpg Graphic file (type jpg)

<use figures/amostragemTX.jpg>
Package pdftex.def Info: figures/amostragemTX.jpg used on input line 221.
(pdftex.def)             Requested size: 298.75264pt x 104.59775pt.

<figures/tx.png, id=473, 454.69875pt x 196.48407pt>
File: figures/tx.png Graphic file (type png)
 <use figures/tx.png>
Package pdftex.def Info: figures/tx.png used on input line 237.
(pdftex.def)             Requested size: 426.79135pt x 184.4282pt.
Package babel Info: Redefining portuges shorthand "|
(babel)             in language  on input line 250.
Package babel Info: Redefining portuges shorthand "|
(babel)             in language  on input line 250.

[13 <./figures/amostragemTX.jpg> <./figures/tx.png>]
<figures/DDCnormal.jpg, id=486, 551.05875pt x 279.29344pt>
File: figures/DDCnormal.jpg Graphic file (type jpg)

<use figures/DDCnormal.jpg>
Package pdftex.def Info: figures/DDCnormal.jpg used on input line 255.
(pdftex.def)             Requested size: 426.79135pt x 216.31805pt.

<figures/DDCthrough.jpg, id=491, 551.05875pt x 286.06876pt>
File: figures/DDCthrough.jpg Graphic file (type jpg)

<use figures/DDCthrough.jpg>
Package pdftex.def Info: figures/DDCthrough.jpg used on input line 268.
(pdftex.def)             Requested size: 426.79135pt x 221.56567pt.


LaTeX Warning: `!h' float specifier changed to `!ht'.

Package babel Info: Redefining portuges shorthand "|
(babel)             in language  on input line 277.
Package babel Info: Redefining portuges shorthand "|
(babel)             in language  on input line 283.
Package babel Info: Redefining portuges shorthand "|
(babel)             in language  on input line 285.
Package babel Info: Redefining portuges shorthand "|
(babel)             in language  on input line 285.
[14 <./figures/DDCnormal.jpg>]
Package babel Info: Redefining portuges shorthand "|
(babel)             in language  on input line 288.

<figures/ArqSERDES.jpg, id=502, 590.95781pt x 307.1475pt>
File: figures/ArqSERDES.jpg Graphic file (type jpg)

<use figures/ArqSERDES.jpg>
Package pdftex.def Info: figures/ArqSERDES.jpg used on input line 295.
(pdftex.def)             Requested size: 426.79135pt x 221.82559pt.


LaTeX Warning: `!h' float specifier changed to `!ht'.

LaTeX Font Info:    Font shape `OT1/ptm/bx/n' in size <9> not available
(Font)              Font shape `OT1/ptm/b/n' tried instead on input line 305.
LaTeX Font Info:    Font shape `OT1/ptm/bx/n' in size <7> not available
(Font)              Font shape `OT1/ptm/b/n' tried instead on input line 305.
LaTeX Font Info:    Font shape `OT1/ptm/bx/n' in size <5> not available
(Font)              Font shape `OT1/ptm/b/n' tried instead on input line 305.
Package babel Info: Redefining portuges shorthand "|
(babel)             in language  on input line 306.
Package babel Info: Redefining portuges shorthand "|
(babel)             in language  on input line 306.
[15 <./figures/DDCthrough.jpg>]
Package babel Info: Redefining portuges shorthand "|
(babel)             in language  on input line 314.
Package babel Info: Redefining portuges shorthand "|
(babel)             in language  on input line 318.
Package babel Info: Redefining portuges shorthand "|
(babel)             in language  on input line 318.
 [16 <./figures/ArqSERDES.jpg>]
<figures/arqPISO-SIPO.jpg, id=523, 578.91281pt x 304.88907pt>
File: figures/arqPISO-SIPO.jpg Graphic file (type jpg)

<use figures/arqPISO-SIPO.jpg>
Package pdftex.def Info: figures/arqPISO-SIPO.jpg used on input line 333.
(pdftex.def)             Requested size: 426.79135pt x 224.77232pt.


LaTeX Warning: `!h' float specifier changed to `!ht'.

Package babel Info: Redefining portuges shorthand "|
(babel)             in language  on input line 342.
Package babel Info: Redefining portuges shorthand "|
(babel)             in language  on input line 342.
[17]
Package babel Info: Redefining portuges shorthand "|
(babel)             in language  on input line 352.
Package babel Info: Redefining portuges shorthand "|
(babel)             in language  on input line 352.
 [18 <./figures/arqPISO-SIPO.jpg>]
Package babel Info: Redefining portuges shorthand "|
(babel)             in language  on input line 367.

<figures/gtxLOCA.jpg, id=541, 615.0478pt x 420.06938pt>
File: figures/gtxLOCA.jpg Graphic file (type jpg)

<use figures/gtxLOCA.jpg>
Package pdftex.def Info: figures/gtxLOCA.jpg used on input line 374.
(pdftex.def)             Requested size: 426.79135pt x 291.49548pt.


LaTeX Warning: `!h' float specifier changed to `!ht'.


Overfull \hbox (26.96231pt too wide) in paragraph at lines 380--382
\T1/ptm/m/n/10.95 se ainda as-si-na-la-das as en-tra-das GTX (QUAD_111, QUAD_11
2, QUAD_113, QUAD_114, QUAD_115,
 []

Package babel Info: Redefining portuges shorthand "|
(babel)             in language  on input line 389.
Package babel Info: Redefining portuges shorthand "|
(babel)             in language  on input line 389.
[19] <figures/gtxAqr.jpg, id=555, 444.91219pt x 222.8325pt>
File: figures/gtxAqr.jpg Graphic file (type jpg)

<use figures/gtxAqr.jpg>
Package pdftex.def Info: figures/gtxAqr.jpg used on input line 411.
(pdftex.def)             Requested size: 426.79135pt x 213.75696pt.
Package babel Info: Redefining portuges shorthand "|
(babel)             in language  on input line 415.
Package babel Info: Redefining portuges shorthand "|
(babel)             in language  on input line 415.
 [20 <./figures/gtxLOCA.jpg>]
<figures/gtx_tx.jpg, id=564, 583.42969pt x 245.41687pt>
File: figures/gtx_tx.jpg Graphic file (type jpg)

<use figures/gtx_tx.jpg>
Package pdftex.def Info: figures/gtx_tx.jpg used on input line 424.
(pdftex.def)             Requested size: 426.79135pt x 179.53104pt.
Package babel Info: Redefining portuges shorthand "|
(babel)             in language  on input line 431.
Package babel Info: Redefining portuges shorthand "|
(babel)             in language  on input line 431.
 [21 <./figures/gtxAqr.jpg> <./figures/gtx_tx.jpg>]

LaTeX Warning: No positions in optional float specifier.
               Default added (so using `tbp') on input line 444.


Overfull \hbox (83.18445pt too wide) in paragraph at lines 446--462
 [][] 
 []

Package babel Info: Redefining portuges shorthand "|
(babel)             in language  on input line 471.
Package babel Info: Redefining portuges shorthand "|
(babel)             in language  on input line 471.
[22]

LaTeX Warning: No positions in optional float specifier.
               Default added (so using `tbp') on input line 472.


Overfull \hbox (55.16467pt too wide) in paragraph at lines 474--482
 [][] 
 []

Package babel Info: Redefining portuges shorthand "|
(babel)             in language  on input line 501.
Package babel Info: Redefining portuges shorthand "|
(babel)             in language  on input line 501.
[23]
Package babel Info: Redefining portuges shorthand "|
(babel)             in language  on input line 521.
Package babel Info: Redefining portuges shorthand "|
(babel)             in language  on input line 521.
 [24] <figures/gtx_rx.jpg, id=602, 596.2275pt x 229.60782pt>
File: figures/gtx_rx.jpg Graphic file (type jpg)

<use figures/gtx_rx.jpg>
Package pdftex.def Info: figures/gtx_rx.jpg used on input line 540.
(pdftex.def)             Requested size: 426.79135pt x 164.35753pt.
Package babel Info: Redefining portuges shorthand "|
(babel)             in language  on input line 556.
Package babel Info: Redefining portuges shorthand "|
(babel)             in language  on input line 556.
 [25 <./figures/gtx_rx.jpg>]
<figures/equalizador_LPM.jpg, id=618, 463.7325pt x 242.40562pt>
File: figures/equalizador_LPM.jpg Graphic file (type jpg)

<use figures/equalizador_LPM.jpg>
Package pdftex.def Info: figures/equalizador_LPM.jpg used on input line 562.
(pdftex.def)             Requested size: 426.79135pt x 223.10094pt.

<figures/equalizador_DFE.jpg, id=623, 586.44093pt x 346.29375pt>
File: figures/equalizador_DFE.jpg Graphic file (type jpg)

<use figures/equalizador_DFE.jpg>
Package pdftex.def Info: figures/equalizador_DFE.jpg used on input line 573.
(pdftex.def)             Requested size: 426.79135pt x 252.02086pt.


LaTeX Warning: `!h' float specifier changed to `!ht'.

Package babel Info: Redefining portuges shorthand "|
(babel)             in language  on input line 591.
Package babel Info: Redefining portuges shorthand "|
(babel)             in language  on input line 591.
[26 <./figures/equalizador_LPM.jpg>]
<figures/CDR.jpg, id=632, 721.19438pt x 217.5628pt>
File: figures/CDR.jpg Graphic file (type jpg)
 <use figures/CDR.jpg>
Package pdftex.def Info: figures/CDR.jpg used on input line 602.
(pdftex.def)             Requested size: 426.79135pt x 128.74934pt.


LaTeX Warning: `!h' float specifier changed to `!ht'.

Package babel Info: Redefining portuges shorthand "|
(babel)             in language  on input line 614.
Package babel Info: Redefining portuges shorthand "|
(babel)             in language  on input line 614.
[27 <./figures/equalizador_DFE.jpg>]
Package babel Info: Redefining portuges shorthand "|
(babel)             in language  on input line 632.
Package babel Info: Redefining portuges shorthand "|
(babel)             in language  on input line 632.
 [28 <./figures/CDR.jpg>]
Overfull \hbox (16.32939pt too wide) in paragraph at lines 637--638
\T1/ptm/m/n/10.95 que che-gam em s-rie ao re-ce-tor, en-to deve-se de-fi-nir 
as en-tra-das ALIGB_MCOMMA_VALUE,
 []

<figures/commaObtain1.jpg, id=648, 337.26pt x 124.21407pt>
File: figures/commaObtain1.jpg Graphic file (type jpg)

<use figures/commaObtain1.jpg>
Package pdftex.def Info: figures/commaObtain1.jpg used on input line 642.
(pdftex.def)             Requested size: 298.75264pt x 110.0346pt.

<figures/commaObtain2.jpg, id=655, 347.04657pt x 147.55125pt>
File: figures/commaObtain2.jpg Graphic file (type jpg)

<use figures/commaObtain2.jpg>
Package pdftex.def Info: figures/commaObtain2.jpg used on input line 653.
(pdftex.def)             Requested size: 298.75264pt x 127.02217pt.


LaTeX Warning: `!h' float specifier changed to `!ht'.

Package babel Info: Redefining portuges shorthand "|
(babel)             in language  on input line 662.
Package babel Info: Redefining portuges shorthand "|
(babel)             in language  on input line 662.
[29 <./figures/commaObtain1.jpg>]
Package babel Info: Redefining portuges shorthand "|
(babel)             in language  on input line 674.
Package babel Info: Redefining portuges shorthand "|
(babel)             in language  on input line 674.
 [30 <./figures/commaObtain2.jpg>]
Package babel Info: Redefining portuges shorthand "|
(babel)             in language  on input line 695.
Package babel Info: Redefining portuges shorthand "|
(babel)             in language  on input line 695.
 [31]

LaTeX Warning: No positions in optional float specifier.
               Default added (so using `tbp') on input line 700.


Overfull \hbox (14.70377pt too wide) in paragraph at lines 702--718
 [][] 
 []


LaTeX Warning: No positions in optional float specifier.
               Default added (so using `tbp') on input line 725.


Overfull \hbox (57.59552pt too wide) in paragraph at lines 727--735
 [][] 
 []


Underfull \vbox (badness 2564) has occurred while \output is active []

Package babel Info: Redefining portuges shorthand "|
(babel)             in language  on input line 740.
Package babel Info: Redefining portuges shorthand "|
(babel)             in language  on input line 740.
 [32])
Package babel Info: Redefining portuges shorthand "|
(babel)             in language  on input line 120.
Package babel Info: Redefining portuges shorthand "|
(babel)             in language  on input line 120.

[33]
\openout2 = `chapter3.aux'.

 (chapter3.tex
Package babel Info: Redefining portuges shorthand "|
(babel)             in language  on input line 1.
Package babel Info: Redefining portuges shorthand "|
(babel)             in language  on input line 1.
 [34



]
Cap\'{\i }tulo 3.
Package babel Info: Redefining portuges shorthand "|
(babel)             in language  on input line 1.
Package babel Info: Redefining portuges shorthand "|
(babel)             in language  on input line 5.
Package babel Info: Redefining portuges shorthand "|
(babel)             in language  on input line 11.

Underfull \vbox (badness 1184) has occurred while \output is active []

Package babel Info: Redefining portuges shorthand "|
(babel)             in language  on input line 14.
Package babel Info: Redefining portuges shorthand "|
(babel)             in language  on input line 14.
 [35]
Underfull \vbox (badness 1824) has occurred while \output is active []

Package babel Info: Redefining portuges shorthand "|
(babel)             in language  on input line 45.
Package babel Info: Redefining portuges shorthand "|
(babel)             in language  on input line 45.
 [36]
Overfull \hbox (21.16527pt too wide) in paragraph at lines 57--77
 [][] 
 []

Package babel Info: Redefining portuges shorthand "|
(babel)             in language  on input line 82.
Package babel Info: Redefining portuges shorthand "|
(babel)             in language  on input line 82.
[37]
Package epstopdf Info: Source file: <figures/audio_example.eps>
(epstopdf)                    date: 2017-05-29 15:53:37
(epstopdf)                    size: 1037622 bytes
(epstopdf)             Output file: <figures/audio_example-eps-converted-to.pdf
>
(epstopdf)                    date: 2017-05-29 15:54:48
(epstopdf)                    size: 19211 bytes
(epstopdf)             Command: <epstopdf --outfile=figures/audio_example-eps-c
onverted-to.pdf figures/audio_example.eps>
(epstopdf)             \includegraphics on input line 92.
Package epstopdf Info: Output file is already uptodate.

<figures/audio_example-eps-converted-to.pdf, id=739, 775.89874pt x 225.84375pt>
File: figures/audio_example-eps-converted-to.pdf Graphic file (type pdf)
<use figures/audio_example-eps-converted-to.pdf>
Package pdftex.def Info: figures/audio_example-eps-converted-to.pdf used on inp
ut line 92.
(pdftex.def)             Requested size: 426.79135pt x 124.22821pt.
Package babel Info: Redefining portuges shorthand "|
(babel)             in language  on input line 105.
Package babel Info: Redefining portuges shorthand "|
(babel)             in language  on input line 107.
Package epstopdf Info: Source file: <figures/planA.eps>
(epstopdf)                    date: 2017-05-29 09:19:44
(epstopdf)                    size: 1099710 bytes
(epstopdf)             Output file: <figures/planA-eps-converted-to.pdf>
(epstopdf)                    date: 2017-05-29 09:19:44
(epstopdf)                    size: 20401 bytes
(epstopdf)             Command: <epstopdf --outfile=figures/planA-eps-converted
-to.pdf figures/planA.eps>
(epstopdf)             \includegraphics on input line 114.
Package epstopdf Info: Output file is already uptodate.

<figures/planA-eps-converted-to.pdf, id=744, 689.57625pt x 355.3275pt>
File: figures/planA-eps-converted-to.pdf Graphic file (type pdf)

<use figures/planA-eps-converted-to.pdf>
Package pdftex.def Info: figures/planA-eps-converted-to.pdf used on input line 
114.
(pdftex.def)             Requested size: 426.79135pt x 219.92123pt.


LaTeX Warning: `!h' float specifier changed to `!ht'.

Package epstopdf Info: Source file: <figures/planB1.eps>
(epstopdf)                    date: 2017-05-29 09:19:44
(epstopdf)                    size: 1291402 bytes
(epstopdf)             Output file: <figures/planB1-eps-converted-to.pdf>
(epstopdf)                    date: 2017-05-29 09:19:44
(epstopdf)                    size: 23325 bytes
(epstopdf)             Command: <epstopdf --outfile=figures/planB1-eps-converte
d-to.pdf figures/planB1.eps>
(epstopdf)             \includegraphics on input line 125.
Package epstopdf Info: Output file is already uptodate.
<figures/planB1-eps-converted-to.pdf, id=745, 776.9025pt x 402.50375pt>
File: figures/planB1-eps-converted-to.pdf Graphic file (type pdf)

<use figures/planB1-eps-converted-to.pdf>
Package pdftex.def Info: figures/planB1-eps-converted-to.pdf used on input line
 125.
(pdftex.def)             Requested size: 426.79135pt x 221.11978pt.


LaTeX Warning: `!h' float specifier changed to `!ht'.

)
Package babel Info: Redefining portuges shorthand "|
(babel)             in language  on input line 121.
Package babel Info: Redefining portuges shorthand "|
(babel)             in language  on input line 121.
 [38 <./figures/audio_example-eps-converted-to.pdf>]
Package babel Info: Redefining portuges shorthand "|
(babel)             in language  on input line 121.
Package babel Info: Redefining portuges shorthand "|
(babel)             in language  on input line 121.
 [39 <./figures/planA-eps-converted-to.pdf> <./figures/planB1-eps-converted-to.
pdf>]
\openout2 = `chapter4.aux'.

 (chapter4.tex
Package babel Info: Redefining portuges shorthand "|
(babel)             in language  on input line 1.
Package babel Info: Redefining portuges shorthand "|
(babel)             in language  on input line 1.

[40



]
Cap\'{\i }tulo 4.
Package babel Info: Redefining portuges shorthand "|
(babel)             in language  on input line 1.
)
Package babel Info: Redefining portuges shorthand "|
(babel)             in language  on input line 122.
Package babel Info: Redefining portuges shorthand "|
(babel)             in language  on input line 122.
 [41]
\openout2 = `chapter5.aux'.

 (chapter5.tex
Package babel Info: Redefining portuges shorthand "|
(babel)             in language  on input line 1.
Package babel Info: Redefining portuges shorthand "|
(babel)             in language  on input line 1.
 [42



]
Cap\'{\i }tulo 5.
Package babel Info: Redefining portuges shorthand "|
(babel)             in language  on input line 1.
)
Package babel Info: Redefining portuges shorthand "|
(babel)             in language  on input line 123.
Package babel Info: Redefining portuges shorthand "|
(babel)             in language  on input line 123.
 [43]
\openout2 = `appendix1.aux'.

 (appendix1.tex
Package babel Info: Redefining portuges shorthand "|
(babel)             in language  on input line 1.
Package babel Info: Redefining portuges shorthand "|
(babel)             in language  on input line 1.
 [44



]
Anexo A.
Package babel Info: Redefining portuges shorthand "|
(babel)             in language  on input line 1.
Package babel Info: Redefining portuges shorthand "|
(babel)             in language  on input line 47.
Package babel Info: Redefining portuges shorthand "|
(babel)             in language  on input line 47.
[45]
Overfull \hbox (64.70134pt too wide) in alignment at lines 51--56
 [] [] [] [] 
 []


Overfull \hbox (64.70134pt too wide) in alignment at lines 56--76
 [] [] [] [] 
 []


Overfull \hbox (64.70134pt too wide) in alignment at lines 76--96
 [] [] [] [] 
 []


Overfull \hbox (64.70134pt too wide) in alignment at lines 96--110
 [] [] [] [] 
 []

Package babel Info: Redefining portuges shorthand "|
(babel)             in language  on input line 110.
Package babel Info: Redefining portuges shorthand "|
(babel)             in language  on input line 110.
[46])
Package babel Info: Redefining portuges shorthand "|
(babel)             in language  on input line 127.
Package babel Info: Redefining portuges shorthand "|
(babel)             in language  on input line 127.
 [47] (mieec.bbl
Package babel Info: Redefining portuges shorthand "|
(babel)             in language  on input line 1.
Package babel Info: Redefining portuges shorthand "|
(babel)             in language  on input line 1.
 [48


])
Package atveryend Info: Empty hook `BeforeClearDocument' on input line 147.
Package babel Info: Redefining portuges shorthand "|
(babel)             in language  on input line 147.
Package babel Info: Redefining portuges shorthand "|
(babel)             in language  on input line 147.
 [49]
Package atveryend Info: Empty hook `AfterLastShipout' on input line 147.
 (mieec.aux (abstract.aux) (acknows.aux)
(quote.aux) (abbrevs.aux) (chapter1.aux) (chapter2.aux) (chapter3.aux)
(chapter4.aux) (chapter5.aux) (appendix1.aux))
Package atveryend Info: Executing hook `AtVeryEndDocument' on input line 147.
Package atveryend Info: Executing hook `AtEndAfterFileList' on input line 147.
Package rerunfilecheck Info: File `mieec.out' has not changed.
(rerunfilecheck)             Checksum: 27EF4A78230E9156345D630B42814177;2692.


LaTeX Warning: There were undefined references.


LaTeX Warning: There were multiply-defined labels.

Package atveryend Info: Empty hook `AtVeryVeryEnd' on input line 147.
 ) 
Here is how much of TeX's memory you used:
 8968 strings out of 493333
 135048 string characters out of 3129709
 256330 words of memory out of 3000000
 12010 multiletter control sequences out of 15000+200000
 83510 words of font info for 97 fonts, out of 3000000 for 9000
 1141 hyphenation exceptions out of 8191
 43i,16n,51p,1757b,501s stack positions out of 5000i,500n,10000p,200000b,50000s
{C:/Users/Marisa/AppData/Local/Programs/MiKTeX 2.9/fonts/enc/dvips/base/8r.en
c}<C:/Users/Marisa/AppData/Local/Programs/MiKTeX 2.9/fonts/type1/public/amsfont
s/cm/cmsy10.pfb><C:/Users/Marisa/AppData/Local/Programs/MiKTeX 2.9/fonts/type1/
urw/times/utmb8a.pfb><C:/Users/Marisa/AppData/Local/Programs/MiKTeX 2.9/fonts/t
ype1/urw/times/utmbi8a.pfb><C:/Users/Marisa/AppData/Local/Programs/MiKTeX 2.9/f
onts/type1/urw/times/utmr8a.pfb><C:/Users/Marisa/AppData/Local/Programs/MiKTeX 
2.9/fonts/type1/urw/times/utmr8a.pfb><C:/Users/Marisa/AppData/Local/Programs/Mi
KTeX 2.9/fonts/type1/urw/times/utmri8a.pfb>
Output written on mieec.pdf (67 pages, 2098123 bytes).
PDF statistics:
 899 PDF objects out of 1000 (max. 8388607)
 204 named destinations out of 1000 (max. 500000)
 385 words of extra memory for PDF output out of 10000 (max. 10000000)

